#
# A fatal error has been detected by the Java Runtime Environment:
#
#  SIGSEGV (0xb) at pc=0x0000042000000780, pid=9570, tid=0x00007fef5b169700
#
# JRE version: Java(TM) SE Runtime Environment (8.0_121-b13) (build 1.8.0_121-b13)
# Java VM: Java HotSpot(TM) 64-Bit Server VM (25.121-b13 mixed mode linux-amd64 compressed oops)
# Problematic frame:
# C  0x0000042000000780
#
# Failed to write core dump. Core dumps have been disabled. To enable core dumping, try "ulimit -c unlimited" before starting Java again
#
# If you would like to submit a bug report, please visit:
#   http://bugreport.java.com/bugreport/crash.jsp
# The crash happened outside the Java Virtual Machine in native code.
# See problematic frame for where to report the bug.
#

---------------  T H R E A D  ---------------

Current thread (0x00007fefb0281000):  JavaThread "JavaFX Application Thread" [_thread_in_native, id=9598, stack(0x00007fef5b069000,0x00007fef5b16a000)]

siginfo: si_signo: 11 (SIGSEGV), si_code: 1 (SEGV_MAPERR), si_addr: 0x0000042000000780

Registers:
RAX=0x0000042000000780, RBX=0x00007fef60358990, RCX=0x000000000000000b, RDX=0x00007fef6026b680
RSP=0x00007fef5b168358, RBP=0x00007fef5b168410, RSI=0x00007fef5b168380, RDI=0x00007fef60491010
R8 =0x00007fef5b168378, R9 =0x00007fef5b168374, R10=0x00007fef604f2850, R11=0x00007fefa1412c20
R12=0x00007fef5b168380, R13=0x00007fef6029d0c0, R14=0x00007fef5b168378, R15=0x00007fef5b168374
RIP=0x0000042000000780, EFLAGS=0x0000000000010202, CSGSFS=0x0000000000000033, ERR=0x0000000000000014
  TRAPNO=0x000000000000000e

Top of Stack: (sp=0x00007fef5b168358)
0x00007fef5b168358:   00007fef5b17ff27 00007fefb0275860
0x00007fef5b168368:   00007fefb0281000 00007fefb02811f8
0x00007fef5b168378:   00007fefb6ded9e0 0000000000000002
0x00007fef5b168388:   0000000000000000 0000000000000000
0x00007fef5b168398:   00007fefb0265000 0000000001e00053
0x00007fef5b1683a8:   000000000000007d 0000000001e00053
0x00007fef5b1683b8:   00000000187931c1 0000000000000000
0x00007fef5b1683c8:   0000000000000000 0000002e00000010
0x00007fef5b1683d8:   0000000000000001 00007fef6029d001
0x00007fef5b1683e8:   00007fef6029d0c0 00007fef60358990
0x00007fef5b1683f8:   00007fefb02767e0 0000000000000000
0x00007fef5b168408:   00007fefb0279740 00007fef5b168450
0x00007fef5b168418:   00007fef5b18aa3c 00007fef60358990
0x00007fef5b168428:   0000000000000000 00007fef60358990
0x00007fef5b168438:   00007fefb0279830 0000000000000000
0x00007fef5b168448:   00007fef9c9581a0 00007fefb02526c0
0x00007fef5b168458:   00007fef9c9581ec 0000000000000000
0x00007fef5b168468:   00007fef66884e04 00007fefb0279830
0x00007fef5b168478:   0000000000000000 00000000b0279830
0x00007fef5b168488:   00007fef60076f90 00007fef5b1684a0
0x00007fef5b168498:   00007fef5b1684a8 0000000000000000
0x00007fef5b1684a8:   0000000000000000 00007fef60059610
0x00007fef5b1684b8:   00007fefb0279830 0000000000000001
0x00007fef5b1684c8:   00007fef60076780 0000000000000010
0x00007fef5b1684d8:   00007fef66893b40 0000000000000002
0x00007fef5b1684e8:   00007fef66885048 0000000000000000
0x00007fef5b1684f8:   00000001668c6d29 00007fefb0279830
0x00007fef5b168508:   000000107fffffff 00007fef60059610
0x00007fef5b168518:   00007fef60073df0 00007fef5b1685f0
0x00007fef5b168528:   0000000000000000 00007fef60073df0
0x00007fef5b168538:   00007fef5b168690 00007fefb0281000
0x00007fef5b168548:   00007fef6688530a 0000000000000000 

Instructions: (pc=0x0000042000000780)
0x0000042000000760:   
[error occurred during error reporting (printing registers, top of stack, instructions near pc), id 0xb]

Register to memory mapping:

RAX=0x0000042000000780 is an unknown value
RBX=0x00007fef60358990 is an unknown value
RCX=0x000000000000000b is an unknown value
RDX=0x00007fef6026b680 is an unknown value
RSP=0x00007fef5b168358 is pointing into the stack for thread: 0x00007fefb0281000
RBP=0x00007fef5b168410 is pointing into the stack for thread: 0x00007fefb0281000
RSI=0x00007fef5b168380 is pointing into the stack for thread: 0x00007fefb0281000
RDI=0x00007fef60491010 is an unknown value
R8 =0x00007fef5b168378 is pointing into the stack for thread: 0x00007fefb0281000
R9 =0x00007fef5b168374 is pointing into the stack for thread: 0x00007fefb0281000
R10=0x00007fef604f2850 is an unknown value
R11=0x00007fefa1412c20 is at entry_point+32 in (nmethod*)0x00007fefa1412a90
R12=0x00007fef5b168380 is pointing into the stack for thread: 0x00007fefb0281000
R13=0x00007fef6029d0c0 is an unknown value
R14=0x00007fef5b168378 is pointing into the stack for thread: 0x00007fefb0281000
R15=0x00007fef5b168374 is pointing into the stack for thread: 0x00007fefb0281000


Stack: [0x00007fef5b069000,0x00007fef5b16a000],  sp=0x00007fef5b168358,  free space=1020k
Native frames: (J=compiled Java code, j=interpreted, Vv=VM code, C=native code)
C  0x0000042000000780
C  [libglass.so+0x20a3c]  process_events(_GdkEvent*, void*)+0x22c
C  [libgdk-x11-2.0.so.0+0x591ec]

Java frames: (J=compiled Java code, j=interpreted, Vv=VM code)
j  com.sun.glass.ui.gtk.GtkApplication._runLoop(Ljava/lang/Runnable;Z)V+0
j  com.sun.glass.ui.gtk.GtkApplication.lambda$null$49(Ljava/lang/Runnable;Z)V+7
j  com.sun.glass.ui.gtk.GtkApplication$$Lambda$42.run()V+12
j  java.lang.Thread.run()V+11
v  ~StubRoutines::call_stub

---------------  P R O C E S S  ---------------

Java Threads: ( => current thread )
  0x00007fef60428800 JavaThread "Timer-1" daemon [_thread_blocked, id=9642, stack(0x00007fef55819000,0x00007fef5591a000)]
  0x00007fef6038b800 JavaThread "Prism Font Disposer" daemon [_thread_blocked, id=9640, stack(0x00007fef59277000,0x00007fef59378000)]
  0x00007fef602ca000 JavaThread "pool-2-thread-1" [_thread_blocked, id=9638, stack(0x00007fef5a035000,0x00007fef5a136000)]
  0x00007fef70096000 JavaThread "process reaper" daemon [_thread_blocked, id=9619, stack(0x00007fef64072000,0x00007fef640ab000)]
  0x00007fef602c4800 JavaThread "Timer-0" daemon [_thread_blocked, id=9616, stack(0x00007fef5a136000,0x00007fef5a237000)]
  0x00007fef601ec800 JavaThread "process reaper" daemon [_thread_blocked, id=9602, stack(0x00007fef9c010000,0x00007fef9c049000)]
  0x00007fef601e1000 JavaThread "FX Access Thread (Visual Debugger)" daemon [_thread_blocked, id=9600, stack(0x00007fef5a85f000,0x00007fef5a960000)]
  0x00007fefb0286800 JavaThread "JavaFX-Launcher" [_thread_blocked, id=9599, stack(0x00007fef5af68000,0x00007fef5b069000)]
=>0x00007fefb0281000 JavaThread "JavaFX Application Thread" [_thread_in_native, id=9598, stack(0x00007fef5b069000,0x00007fef5b16a000)]
  0x00007fefb027d000 JavaThread "Thread-1" daemon [_thread_blocked, id=9597, stack(0x00007fef9c054000,0x00007fef9c155000)]
  0x00007fefb0235000 JavaThread "QuantumRenderer-0" daemon [_thread_blocked, id=9596, stack(0x00007fef9d3f9000,0x00007fef9d4fa000)]
  0x00007fefb0154000 JavaThread "Service Thread" daemon [_thread_blocked, id=9594, stack(0x00007fef9d690000,0x00007fef9d791000)]
  0x00007fefb0150000 JavaThread "C1 CompilerThread1" daemon [_thread_blocked, id=9593, stack(0x00007fef9d791000,0x00007fef9d892000)]
  0x00007fefb014d800 JavaThread "C2 CompilerThread0" daemon [_thread_blocked, id=9592, stack(0x00007fef9d892000,0x00007fef9d993000)]
  0x00007fef84001000 JavaThread "JDWP Command Reader" daemon [_thread_in_native, id=9587, stack(0x00007fef9d993000,0x00007fef9da94000)]
  0x00007fefb014b000 JavaThread "JDWP Event Helper Thread" daemon [_thread_blocked, id=9586, stack(0x00007fef9da94000,0x00007fef9db95000)]
  0x00007fefb0147800 JavaThread "JDWP Transport Listener: dt_socket" daemon [_thread_blocked, id=9584, stack(0x00007fef9db95000,0x00007fef9dc96000)]
  0x00007fefb013b000 JavaThread "Signal Dispatcher" daemon [_thread_blocked, id=9580, stack(0x00007fef9de9a000,0x00007fef9df9b000)]
  0x00007fefb0109000 JavaThread "Finalizer" daemon [_thread_blocked, id=9579, stack(0x00007fef9df9b000,0x00007fef9e09c000)]
  0x00007fefb0104800 JavaThread "Reference Handler" daemon [_thread_blocked, id=9578, stack(0x00007fef9e09c000,0x00007fef9e19d000)]
  0x00007fefb000c800 JavaThread "main" [_thread_blocked, id=9572, stack(0x00007fefb7920000,0x00007fefb7a21000)]

Other Threads:
  0x00007fefb00fd000 VMThread [stack: 0x00007fef9e19d000,0x00007fef9e29e000] [id=9577]
  0x00007fefb0156800 WatcherThread [stack: 0x00007fef9d58f000,0x00007fef9d690000] [id=9595]

VM state:not at safepoint (normal execution)

VM Mutex/Monitor currently owned by a thread: None

Heap:
 PSYoungGen      total 27648K, used 15469K [0x00000000f5a00000, 0x00000000f8300000, 0x0000000100000000)
  eden space 16384K, 55% used [0x00000000f5a00000,0x00000000f62ea8e0,0x00000000f6a00000)
  from space 11264K, 56% used [0x00000000f7800000,0x00000000f7e30c48,0x00000000f8300000)
  to   space 12800K, 0% used [0x00000000f6a00000,0x00000000f6a00000,0x00000000f7680000)
 ParOldGen       total 35328K, used 21581K [0x00000000e0e00000, 0x00000000e3080000, 0x00000000f5a00000)
  object space 35328K, 61% used [0x00000000e0e00000,0x00000000e2313550,0x00000000e3080000)
 Metaspace       used 18954K, capacity 20308K, committed 20480K, reserved 1067008K
  class space    used 2761K, capacity 3036K, committed 3072K, reserved 1048576K

Card table byte_map: [0x00007fefa092b000,0x00007fefa0a25000] byte_map_base: 0x00007fefa0224000

Marking Bits: (ParMarkBitMap*) 0x00007fefb6decc80
 Begin Bits: [0x00007fef9f799000, 0x00007fef9ff61000)
 End Bits:   [0x00007fef9ff61000, 0x00007fefa0729000)

Polling page: 0x00007fefb7a39000

CodeCache: size=245760Kb used=8194Kb max_used=8194Kb free=237565Kb
 bounds [0x00007fefa0de5000, 0x00007fefa15f5000, 0x00007fefafde5000]
 total_blobs=3173 nmethods=2555 adapters=540
 compilation: enabled

Compilation events (10 events):
Event: 28.380 Thread 0x00007fefb0150000 2745       3       com.sun.javafx.sg.prism.NGRectangle::isRounded (30 bytes)
Event: 28.381 Thread 0x00007fefb0150000 nmethod 2745 0x00007fefa15dd710 code [0x00007fefa15dd880, 0x00007fefa15ddad0]
Event: 28.530 Thread 0x00007fefb0150000 2746       3       java.util.StringTokenizer::skipDelimiters (116 bytes)
Event: 28.532 Thread 0x00007fefb0150000 nmethod 2746 0x00007fefa15e9710 code [0x00007fefa15e9940, 0x00007fefa15ea4f8]
Event: 28.539 Thread 0x00007fefb0150000 2747       3       com.sun.javafx.scene.control.skin.LabeledSkinBase::isIgnoreGraphic (39 bytes)
Event: 28.543 Thread 0x00007fefb0150000 nmethod 2747 0x00007fefa15dc790 code [0x00007fefa15dc960, 0x00007fefa15dd438]
Event: 28.543 Thread 0x00007fefb0150000 2748       3       com.sun.javafx.text.TextRun::getAscent (5 bytes)
Event: 28.544 Thread 0x00007fefb0150000 nmethod 2748 0x00007fefa15eaa50 code [0x00007fefa15eaba0, 0x00007fefa15eacf0]
Event: 28.544 Thread 0x00007fefb0150000 2749       3       java.util.concurrent.ThreadPoolExecutor::workerCountOf (5 bytes)
Event: 28.544 Thread 0x00007fefb0150000 nmethod 2749 0x00007fefa15ead90 code [0x00007fefa15eaee0, 0x00007fefa15eb010]

GC Heap History (10 events):
Event: 5.045 GC heap before
{Heap before GC invocations=3 (full 0):
 PSYoungGen      total 9728K, used 9728K [0x00000000f5a00000, 0x00000000f6480000, 0x0000000100000000)
  eden space 8704K, 100% used [0x00000000f5a00000,0x00000000f6280000,0x00000000f6280000)
  from space 1024K, 100% used [0x00000000f6380000,0x00000000f6480000,0x00000000f6480000)
  to   space 1024K, 0% used [0x00000000f6280000,0x00000000f6280000,0x00000000f6380000)
 ParOldGen       total 22016K, used 1632K [0x00000000e0e00000, 0x00000000e2380000, 0x00000000f5a00000)
  object space 22016K, 7% used [0x00000000e0e00000,0x00000000e0f981d0,0x00000000e2380000)
 Metaspace       used 13709K, capacity 14512K, committed 14848K, reserved 1062912K
  class space    used 1991K, capacity 2186K, committed 2304K, reserved 1048576K
Event: 5.055 GC heap after
Heap after GC invocations=3 (full 0):
 PSYoungGen      total 9728K, used 1024K [0x00000000f5a00000, 0x00000000f6480000, 0x0000000100000000)
  eden space 8704K, 0% used [0x00000000f5a00000,0x00000000f5a00000,0x00000000f6280000)
  from space 1024K, 100% used [0x00000000f6280000,0x00000000f6380000,0x00000000f6380000)
  to   space 1024K, 0% used [0x00000000f6380000,0x00000000f6380000,0x00000000f6480000)
 ParOldGen       total 22016K, used 2705K [0x00000000e0e00000, 0x00000000e2380000, 0x00000000f5a00000)
  object space 22016K, 12% used [0x00000000e0e00000,0x00000000e10a4740,0x00000000e2380000)
 Metaspace       used 13709K, capacity 14512K, committed 14848K, reserved 1062912K
  class space    used 1991K, capacity 2186K, committed 2304K, reserved 1048576K
}
Event: 6.005 GC heap before
{Heap before GC invocations=4 (full 0):
 PSYoungGen      total 9728K, used 9728K [0x00000000f5a00000, 0x00000000f6480000, 0x0000000100000000)
  eden space 8704K, 100% used [0x00000000f5a00000,0x00000000f6280000,0x00000000f6280000)
  from space 1024K, 100% used [0x00000000f6280000,0x00000000f6380000,0x00000000f6380000)
  to   space 1024K, 0% used [0x00000000f6380000,0x00000000f6380000,0x00000000f6480000)
 ParOldGen       total 22016K, used 2705K [0x00000000e0e00000, 0x00000000e2380000, 0x00000000f5a00000)
  object space 22016K, 12% used [0x00000000e0e00000,0x00000000e10a4740,0x00000000e2380000)
 Metaspace       used 16445K, capacity 17684K, committed 17920K, reserved 1064960K
  class space    used 2501K, capacity 2766K, committed 2816K, reserved 1048576K
Event: 6.018 GC heap after
Heap after GC invocations=4 (full 0):
 PSYoungGen      total 9728K, used 1005K [0x00000000f5a00000, 0x00000000f6480000, 0x0000000100000000)
  eden space 8704K, 0% used [0x00000000f5a00000,0x00000000f5a00000,0x00000000f6280000)
  from space 1024K, 98% used [0x00000000f6380000,0x00000000f647b728,0x00000000f6480000)
  to   space 1024K, 0% used [0x00000000f6280000,0x00000000f6280000,0x00000000f6380000)
 ParOldGen       total 22016K, used 4341K [0x00000000e0e00000, 0x00000000e2380000, 0x00000000f5a00000)
  object space 22016K, 19% used [0x00000000e0e00000,0x00000000e123d6c0,0x00000000e2380000)
 Metaspace       used 16445K, capacity 17684K, committed 17920K, reserved 1064960K
  class space    used 2501K, capacity 2766K, committed 2816K, reserved 1048576K
}
Event: 6.120 GC heap before
{Heap before GC invocations=5 (full 0):
 PSYoungGen      total 9728K, used 9709K [0x00000000f5a00000, 0x00000000f6480000, 0x0000000100000000)
  eden space 8704K, 100% used [0x00000000f5a00000,0x00000000f6280000,0x00000000f6280000)
  from space 1024K, 98% used [0x00000000f6380000,0x00000000f647b728,0x00000000f6480000)
  to   space 1024K, 0% used [0x00000000f6280000,0x00000000f6280000,0x00000000f6380000)
 ParOldGen       total 22016K, used 4341K [0x00000000e0e00000, 0x00000000e2380000, 0x00000000f5a00000)
  object space 22016K, 19% used [0x00000000e0e00000,0x00000000e123d6c0,0x00000000e2380000)
 Metaspace       used 16774K, capacity 18010K, committed 18176K, reserved 1064960K
  class space    used 2542K, capacity 2813K, committed 2816K, reserved 1048576K
Event: 6.164 GC heap after
Heap after GC invocations=5 (full 0):
 PSYoungGen      total 9728K, used 1021K [0x00000000f5a00000, 0x00000000f8500000, 0x0000000100000000)
  eden space 8704K, 0% used [0x00000000f5a00000,0x00000000f5a00000,0x00000000f6280000)
  from space 1024K, 99% used [0x00000000f6280000,0x00000000f637f738,0x00000000f6380000)
  to   space 13312K, 0% used [0x00000000f7800000,0x00000000f7800000,0x00000000f8500000)
 ParOldGen       total 22016K, used 20269K [0x00000000e0e00000, 0x00000000e2380000, 0x00000000f5a00000)
  object space 22016K, 92% used [0x00000000e0e00000,0x00000000e21cb6e0,0x00000000e2380000)
 Metaspace       used 16774K, capacity 18010K, committed 18176K, reserved 1064960K
  class space    used 2542K, capacity 2813K, committed 2816K, reserved 1048576K
}
Event: 6.164 GC heap before
{Heap before GC invocations=6 (full 1):
 PSYoungGen      total 9728K, used 1021K [0x00000000f5a00000, 0x00000000f8500000, 0x0000000100000000)
  eden space 8704K, 0% used [0x00000000f5a00000,0x00000000f5a00000,0x00000000f6280000)
  from space 1024K, 99% used [0x00000000f6280000,0x00000000f637f738,0x00000000f6380000)
  to   space 13312K, 0% used [0x00000000f7800000,0x00000000f7800000,0x00000000f8500000)
 ParOldGen       total 22016K, used 20269K [0x00000000e0e00000, 0x00000000e2380000, 0x00000000f5a00000)
  object space 22016K, 92% used [0x00000000e0e00000,0x00000000e21cb6e0,0x00000000e2380000)
 Metaspace       used 16774K, capacity 18010K, committed 18176K, reserved 1064960K
  class space    used 2542K, capacity 2813K, committed 2816K, reserved 1048576K
Event: 6.221 GC heap after
Heap after GC invocations=6 (full 1):
 PSYoungGen      total 9728K, used 0K [0x00000000f5a00000, 0x00000000f8500000, 0x0000000100000000)
  eden space 8704K, 0% used [0x00000000f5a00000,0x00000000f5a00000,0x00000000f6280000)
  from space 1024K, 0% used [0x00000000f6280000,0x00000000f6280000,0x00000000f6380000)
  to   space 13312K, 0% used [0x00000000f7800000,0x00000000f7800000,0x00000000f8500000)
 ParOldGen       total 35328K, used 13381K [0x00000000e0e00000, 0x00000000e3080000, 0x00000000f5a00000)
  object space 35328K, 37% used [0x00000000e0e00000,0x00000000e1b11540,0x00000000e3080000)
 Metaspace       used 16774K, capacity 18010K, committed 18176K, reserved 1064960K
  class space    used 2542K, capacity 2813K, committed 2816K, reserved 1048576K
}
Event: 10.207 GC heap before
{Heap before GC invocations=7 (full 1):
 PSYoungGen      total 9728K, used 8704K [0x00000000f5a00000, 0x00000000f8500000, 0x0000000100000000)
  eden space 8704K, 100% used [0x00000000f5a00000,0x00000000f6280000,0x00000000f6280000)
  from space 1024K, 0% used [0x00000000f6280000,0x00000000f6280000,0x00000000f6380000)
  to   space 13312K, 0% used [0x00000000f7800000,0x00000000f7800000,0x00000000f8500000)
 ParOldGen       total 35328K, used 21573K [0x00000000e0e00000, 0x00000000e3080000, 0x00000000f5a00000)
  object space 35328K, 61% used [0x00000000e0e00000,0x00000000e2311550,0x00000000e3080000)
 Metaspace       used 17643K, capacity 18890K, committed 19072K, reserved 1064960K
  class space    used 2618K, capacity 2869K, committed 2944K, reserved 1048576K
Event: 10.219 GC heap after
Heap after GC invocations=7 (full 1):
 PSYoungGen      total 27648K, used 6339K [0x00000000f5a00000, 0x00000000f8300000, 0x0000000100000000)
  eden space 16384K, 0% used [0x00000000f5a00000,0x00000000f5a00000,0x00000000f6a00000)
  from space 11264K, 56% used [0x00000000f7800000,0x00000000f7e30c48,0x00000000f8300000)
  to   space 12800K, 0% used [0x00000000f6a00000,0x00000000f6a00000,0x00000000f7680000)
 ParOldGen       total 35328K, used 21581K [0x00000000e0e00000, 0x00000000e3080000, 0x00000000f5a00000)
  object space 35328K, 61% used [0x00000000e0e00000,0x00000000e2313550,0x00000000e3080000)
 Metaspace       used 17643K, capacity 18890K, committed 19072K, reserved 1064960K
  class space    used 2618K, capacity 2869K, committed 2944K, reserved 1048576K
}

Deoptimization events (10 events):
Event: 7.600 Thread 0x00007fefb0281000 Uncommon trap: reason=unstable_if action=reinterpret pc=0x00007fefa12280fc method=java.util.WeakHashMap.expungeStaleEntries()V @ 9
Event: 7.653 Thread 0x00007fefb0235000 Uncommon trap: reason=unstable_if action=reinterpret pc=0x00007fefa12bb288 method=java.lang.StrictMath.floorOrCeil(DDDD)D @ 38
Event: 7.653 Thread 0x00007fefb0235000 Uncommon trap: reason=unstable_if action=reinterpret pc=0x00007fefa12a66d0 method=java.lang.StrictMath.floorOrCeil(DDDD)D @ 38
Event: 10.296 Thread 0x00007fefb0281000 Uncommon trap: reason=unstable_if action=reinterpret pc=0x00007fefa11d7c48 method=java.io.ByteArrayInputStream.read()I @ 8
Event: 10.570 Thread 0x00007fefb0281000 Uncommon trap: reason=array_check action=maybe_recompile pc=0x00007fefa13f910c method=com.sun.javafx.css.SimpleSelector.applies(Ljavafx/css/Styleable;[Ljava/util/Set;I)Z @ 37
Event: 10.570 Thread 0x00007fefb0281000 Uncommon trap: reason=array_check action=maybe_recompile pc=0x00007fefa13f910c method=com.sun.javafx.css.SimpleSelector.applies(Ljavafx/css/Styleable;[Ljava/util/Set;I)Z @ 37
Event: 10.570 Thread 0x00007fefb0281000 Uncommon trap: reason=array_check action=maybe_recompile pc=0x00007fefa13f910c method=com.sun.javafx.css.SimpleSelector.applies(Ljavafx/css/Styleable;[Ljava/util/Set;I)Z @ 37
Event: 10.570 Thread 0x00007fefb0281000 Uncommon trap: reason=array_check action=maybe_recompile pc=0x00007fefa13f910c method=com.sun.javafx.css.SimpleSelector.applies(Ljavafx/css/Styleable;[Ljava/util/Set;I)Z @ 37
Event: 10.745 Thread 0x00007fefb0235000 Uncommon trap: reason=unstable_if action=reinterpret pc=0x00007fefa13b6540 method=com.sun.openpisces.Renderer.produceAlphas(Lcom/sun/openpisces/AlphaConsumer;)V @ 367
Event: 21.133 Thread 0x00007fefb0235000 Uncommon trap: reason=unstable_if action=reinterpret pc=0x00007fefa14f72e4 method=com.sun.javafx.font.CompositeStrike.getStrikeSlot(I)Lcom/sun/javafx/font/FontStrike; @ 53

Internal exceptions (10 events):
Event: 2.241 Thread 0x00007fefb000c800 Exception <a 'java/security/PrivilegedActionException'> (0x00000000f5cadd80) thrown at [/HUDSON3/workspace/8-2-build-linux-amd64/jdk8u121/8372/hotspot/src/share/vm/prims/jvm.cpp, line 1390]
Event: 2.241 Thread 0x00007fefb000c800 Exception <a 'java/security/PrivilegedActionException'> (0x00000000f5cadf90) thrown at [/HUDSON3/workspace/8-2-build-linux-amd64/jdk8u121/8372/hotspot/src/share/vm/prims/jvm.cpp, line 1390]
Event: 2.242 Thread 0x00007fefb000c800 Exception <a 'java/lang/NullPointerException'> (0x00000000f5cae568) thrown at [/HUDSON3/workspace/8-2-build-linux-amd64/jdk8u121/8372/hotspot/src/share/vm/interpreter/linkResolver.cpp, line 1178]
Event: 3.055 Thread 0x00007fefb0281000 Exception <a 'java/lang/NullPointerException'> (0x00000000f5aa00a0) thrown at [/HUDSON3/workspace/8-2-build-linux-amd64/jdk8u121/8372/hotspot/src/share/vm/interpreter/linkResolver.cpp, line 1178]
Event: 3.055 Thread 0x00007fefb0281000 Exception <a 'java/lang/NullPointerException'> (0x00000000f5aa00a0) thrown at [/HUDSON3/workspace/8-2-build-linux-amd64/jdk8u121/8372/hotspot/src/share/vm/prims/jvm.cpp, line 1394]
Event: 3.660 Thread 0x00007fefb0281000 Implicit null exception at 0x00007fefa107a194 to 0x00007fefa107a4d1
Event: 5.953 Thread 0x00007fefb0281000 Implicit null exception at 0x00007fefa1205236 to 0x00007fefa12057c9
Event: 5.953 Thread 0x00007fefb0281000 Implicit null exception at 0x00007fefa10171f6 to 0x00007fefa1017731
Event: 5.963 Thread 0x00007fefb0281000 Implicit null exception at 0x00007fefa125f8df to 0x00007fefa1260245
Event: 21.133 Thread 0x00007fefb0235000 Implicit null exception at 0x00007fefa14f7078 to 0x00007fefa14f72cf

Events (10 events):
Event: 25.536 Executing VM operation: RevokeBias
Event: 25.536 Executing VM operation: RevokeBias done
Event: 25.876 Thread 0x00007fefb0150000 flushing nmethod 0x00007fefa109add0
Event: 25.918 Thread 0x00007fefb0150000 flushing nmethod 0x00007fefa12c30d0
Event: 26.538 Executing VM operation: RevokeBias
Event: 26.538 Executing VM operation: RevokeBias done
Event: 27.535 Executing VM operation: RevokeBias
Event: 27.535 Executing VM operation: RevokeBias done
Event: 28.535 Executing VM operation: RevokeBias
Event: 28.535 Executing VM operation: RevokeBias done


Dynamic libraries:
00400000-00401000 r-xp 00000000 08:01 403965                             /usr/lib/jvm/java-8-oracle/jre/bin/java
00600000-00601000 rw-p 00000000 08:01 403965                             /usr/lib/jvm/java-8-oracle/jre/bin/java
021d8000-021f9000 rw-p 00000000 00:00 0                                  [heap]
e0e00000-e3080000 rw-p 00000000 00:00 0 
e3080000-f5a00000 ---p 00000000 00:00 0 
f5a00000-f8300000 rw-p 00000000 00:00 0 
f8300000-100000000 ---p 00000000 00:00 0 
100000000-100300000 rw-p 00000000 00:00 0 
100300000-140000000 ---p 00000000 00:00 0 
7fef552a8000-7fef55308000 rw-s 00000000 00:04 61571075                   /SYSV00000000 (deleted)
7fef55308000-7fef55408000 rw-p 00000000 00:00 0 
7fef55408000-7fef5550b000 ---p 00000000 00:00 0 
7fef5550b000-7fef55609000 rw-p 00000000 00:00 0 
7fef55609000-7fef55619000 r-xp 00000000 08:01 403878                     /usr/lib/jvm/java-8-oracle/jre/lib/amd64/libdecora_sse.so
7fef55619000-7fef55818000 ---p 00010000 08:01 403878                     /usr/lib/jvm/java-8-oracle/jre/lib/amd64/libdecora_sse.so
7fef55818000-7fef55819000 rw-p 0000f000 08:01 403878                     /usr/lib/jvm/java-8-oracle/jre/lib/amd64/libdecora_sse.so
7fef55819000-7fef5581c000 ---p 00000000 00:00 0 
7fef5581c000-7fef5591a000 rw-p 00000000 00:00 0                          [stack:9642]
7fef5591a000-7fef5691e000 r--p 00000000 08:01 9442623                    /usr/share/fonts/truetype/wqy/wqy-zenhei.ttc
7fef5691e000-7fef57922000 r--p 00000000 08:01 9442623                    /usr/share/fonts/truetype/wqy/wqy-zenhei.ttc
7fef57922000-7fef58926000 r--p 00000000 08:01 9442623                    /usr/share/fonts/truetype/wqy/wqy-zenhei.ttc
7fef58926000-7fef589d0000 r--p 00000000 08:01 504                        /usr/share/fonts/truetype/dejavu/DejaVuSans-Bold.ttf
7fef589d0000-7fef589e3000 r--s 00345000 08:01 270204                     /usr/lib/jvm/java-8-oracle/jre/lib/resources.jar
7fef589e3000-7fef58be3000 rw-p 00000000 00:00 0 
7fef58be3000-7fef58c35000 r--p 00000000 08:01 562                        /usr/share/fonts/truetype/ubuntu-font-family/Ubuntu-B.ttf
7fef58c35000-7fef58c8d000 r--p 00000000 08:01 563                        /usr/share/fonts/truetype/ubuntu-font-family/Ubuntu-BI.ttf
7fef58c8d000-7fef58dce000 r--p 00000000 08:01 537                        /usr/share/fonts/truetype/freefont/FreeSerifBold.ttf
7fef58dce000-7fef58e25000 r--p 00000000 08:01 569                        /usr/share/fonts/truetype/ubuntu-font-family/Ubuntu-R.ttf
7fef58e25000-7fef59277000 r--p 00000000 08:01 517                        /usr/share/fonts/truetype/droid/DroidSansFallbackFull.ttf
7fef59277000-7fef5927a000 ---p 00000000 00:00 0 
7fef5927a000-7fef59378000 rw-p 00000000 00:00 0                          [stack:9640]
7fef59378000-7fef5942e000 r--p 00000000 08:01 505                        /usr/share/fonts/truetype/dejavu/DejaVuSans.ttf
7fef5942e000-7fef59442000 r--p 00000000 08:01 270043                     /usr/lib/jvm/java-8-oracle/jre/lib/fonts/LucidaBrightItalic.ttf
7fef59442000-7fef5947c000 r--p 00000000 08:01 270041                     /usr/lib/jvm/java-8-oracle/jre/lib/fonts/LucidaTypewriterBold.ttf
7fef5947c000-7fef594ca000 r--p 00000000 08:01 270040                     /usr/lib/jvm/java-8-oracle/jre/lib/fonts/LucidaSansDemiBold.ttf
7fef594ca000-7fef59575000 r--p 00000000 08:01 270038                     /usr/lib/jvm/java-8-oracle/jre/lib/fonts/LucidaSansRegular.ttf
7fef59575000-7fef595ca000 r--p 00000000 08:01 270037                     /usr/lib/jvm/java-8-oracle/jre/lib/fonts/LucidaBrightRegular.ttf
7fef595ca000-7fef595ce000 r-xp 00000000 08:01 403838                     /usr/lib/jvm/java-8-oracle/jre/lib/amd64/libjavafx_font_pango.so
7fef595ce000-7fef597cd000 ---p 00004000 08:01 403838                     /usr/lib/jvm/java-8-oracle/jre/lib/amd64/libjavafx_font_pango.so
7fef597cd000-7fef597ce000 rw-p 00003000 08:01 403838                     /usr/lib/jvm/java-8-oracle/jre/lib/amd64/libjavafx_font_pango.so
7fef597ce000-7fef599ce000 rw-p 00000000 00:00 0 
7fef599ce000-7fef599f8000 r-xp 00000000 08:01 9046043                    /usr/lib/x86_64-linux-gnu/gtk-2.0/2.10.0/engines/libclearlooks.so
7fef599f8000-7fef59bf7000 ---p 0002a000 08:01 9046043                    /usr/lib/x86_64-linux-gnu/gtk-2.0/2.10.0/engines/libclearlooks.so
7fef59bf7000-7fef59bf8000 r--p 00029000 08:01 9046043                    /usr/lib/x86_64-linux-gnu/gtk-2.0/2.10.0/engines/libclearlooks.so
7fef59bf8000-7fef59bf9000 rw-p 0002a000 08:01 9046043                    /usr/lib/x86_64-linux-gnu/gtk-2.0/2.10.0/engines/libclearlooks.so
7fef59bf9000-7fef59c02000 r-xp 00000000 08:01 9046050                    /usr/lib/x86_64-linux-gnu/gtk-2.0/2.10.0/engines/libpixmap.so
7fef59c02000-7fef59e02000 ---p 00009000 08:01 9046050                    /usr/lib/x86_64-linux-gnu/gtk-2.0/2.10.0/engines/libpixmap.so
7fef59e02000-7fef59e03000 r--p 00009000 08:01 9046050                    /usr/lib/x86_64-linux-gnu/gtk-2.0/2.10.0/engines/libpixmap.so
7fef59e03000-7fef59e04000 rw-p 0000a000 08:01 9046050                    /usr/lib/x86_64-linux-gnu/gtk-2.0/2.10.0/engines/libpixmap.so
7fef59e04000-7fef59e33000 r-xp 00000000 08:01 9046049                    /usr/lib/x86_64-linux-gnu/gtk-2.0/2.10.0/engines/libmurrine.so
7fef59e33000-7fef5a033000 ---p 0002f000 08:01 9046049                    /usr/lib/x86_64-linux-gnu/gtk-2.0/2.10.0/engines/libmurrine.so
7fef5a033000-7fef5a034000 r--p 0002f000 08:01 9046049                    /usr/lib/x86_64-linux-gnu/gtk-2.0/2.10.0/engines/libmurrine.so
7fef5a034000-7fef5a035000 rw-p 00030000 08:01 9046049                    /usr/lib/x86_64-linux-gnu/gtk-2.0/2.10.0/engines/libmurrine.so
7fef5a035000-7fef5a038000 ---p 00000000 00:00 0 
7fef5a038000-7fef5a136000 rw-p 00000000 00:00 0                          [stack:9638]
7fef5a136000-7fef5a139000 ---p 00000000 00:00 0 
7fef5a139000-7fef5a437000 rw-p 00000000 00:00 0                          [stack:9616]
7fef5a437000-7fef5a44d000 r-xp 00000000 08:01 403858                     /usr/lib/jvm/java-8-oracle/jre/lib/amd64/libnet.so
7fef5a44d000-7fef5a64d000 ---p 00016000 08:01 403858                     /usr/lib/jvm/java-8-oracle/jre/lib/amd64/libnet.so
7fef5a64d000-7fef5a64e000 rw-p 00016000 08:01 403858                     /usr/lib/jvm/java-8-oracle/jre/lib/amd64/libnet.so
7fef5a64e000-7fef5a65f000 r-xp 00000000 08:01 403821                     /usr/lib/jvm/java-8-oracle/jre/lib/amd64/libnio.so
7fef5a65f000-7fef5a85e000 ---p 00011000 08:01 403821                     /usr/lib/jvm/java-8-oracle/jre/lib/amd64/libnio.so
7fef5a85e000-7fef5a85f000 rw-p 00010000 08:01 403821                     /usr/lib/jvm/java-8-oracle/jre/lib/amd64/libnio.so
7fef5a85f000-7fef5a862000 ---p 00000000 00:00 0 
7fef5a862000-7fef5ab60000 rw-p 00000000 00:00 0                          [stack:9600]
7fef5ab60000-7fef5ab65000 r-xp 00000000 08:01 403868                     /usr/lib/jvm/java-8-oracle/jre/lib/amd64/libjavafx_font_freetype.so
7fef5ab65000-7fef5ad64000 ---p 00005000 08:01 403868                     /usr/lib/jvm/java-8-oracle/jre/lib/amd64/libjavafx_font_freetype.so
7fef5ad64000-7fef5ad65000 rw-p 00004000 08:01 403868                     /usr/lib/jvm/java-8-oracle/jre/lib/amd64/libjavafx_font_freetype.so
7fef5ad65000-7fef5ad68000 r-xp 00000000 08:01 403876                     /usr/lib/jvm/java-8-oracle/jre/lib/amd64/libjavafx_font.so
7fef5ad68000-7fef5af67000 ---p 00003000 08:01 403876                     /usr/lib/jvm/java-8-oracle/jre/lib/amd64/libjavafx_font.so
7fef5af67000-7fef5af68000 rw-p 00002000 08:01 403876                     /usr/lib/jvm/java-8-oracle/jre/lib/amd64/libjavafx_font.so
7fef5af68000-7fef5af6b000 ---p 00000000 00:00 0 
7fef5af6b000-7fef5b069000 rw-p 00000000 00:00 0                          [stack:9599]
7fef5b069000-7fef5b06c000 ---p 00000000 00:00 0 
7fef5b06c000-7fef5b16a000 rw-p 00000000 00:00 0                          [stack:9598]
7fef5b16a000-7fef5b193000 r-xp 00000000 08:01 403817                     /usr/lib/jvm/java-8-oracle/jre/lib/amd64/libglass.so
7fef5b193000-7fef5b392000 ---p 00029000 08:01 403817                     /usr/lib/jvm/java-8-oracle/jre/lib/amd64/libglass.so
7fef5b392000-7fef5b395000 rw-p 00028000 08:01 403817                     /usr/lib/jvm/java-8-oracle/jre/lib/amd64/libglass.so
7fef5b395000-7fef5b3a4000 r-xp 00000000 08:01 403859                     /usr/lib/jvm/java-8-oracle/jre/lib/amd64/libprism_sw.so
7fef5b3a4000-7fef5b5a4000 ---p 0000f000 08:01 403859                     /usr/lib/jvm/java-8-oracle/jre/lib/amd64/libprism_sw.so
7fef5b5a4000-7fef5b5a5000 rw-p 0000f000 08:01 403859                     /usr/lib/jvm/java-8-oracle/jre/lib/amd64/libprism_sw.so
7fef5b5a5000-7fef5b5ad000 r-xp 00000000 08:01 8918757                    /usr/lib/x86_64-linux-gnu/libpciaccess.so.0.11.1
7fef5b5ad000-7fef5b7ac000 ---p 00008000 08:01 8918757                    /usr/lib/x86_64-linux-gnu/libpciaccess.so.0.11.1
7fef5b7ac000-7fef5b7ad000 r--p 00007000 08:01 8918757                    /usr/lib/x86_64-linux-gnu/libpciaccess.so.0.11.1
7fef5b7ad000-7fef5b7ae000 rw-p 00008000 08:01 8918757                    /usr/lib/x86_64-linux-gnu/libpciaccess.so.0.11.1
7fef5b7ae000-7fef5b7b9000 r-xp 00000000 08:01 8914638                    /usr/lib/x86_64-linux-gnu/libdrm_radeon.so.1.0.1
7fef5b7b9000-7fef5b9b8000 ---p 0000b000 08:01 8914638                    /usr/lib/x86_64-linux-gnu/libdrm_radeon.so.1.0.1
7fef5b9b8000-7fef5b9b9000 r--p 0000a000 08:01 8914638                    /usr/lib/x86_64-linux-gnu/libdrm_radeon.so.1.0.1
7fef5b9b9000-7fef5b9ba000 rw-p 0000b000 08:01 8914638                    /usr/lib/x86_64-linux-gnu/libdrm_radeon.so.1.0.1
7fef5b9ba000-7fef5b9c1000 r-xp 00000000 08:01 8914636                    /usr/lib/x86_64-linux-gnu/libdrm_nouveau.so.2.0.0
7fef5b9c1000-7fef5bbc0000 ---p 00007000 08:01 8914636                    /usr/lib/x86_64-linux-gnu/libdrm_nouveau.so.2.0.0
7fef5bbc0000-7fef5bbc1000 r--p 00006000 08:01 8914636                    /usr/lib/x86_64-linux-gnu/libdrm_nouveau.so.2.0.0
7fef5bbc1000-7fef5bbc2000 rw-p 00007000 08:01 8914636                    /usr/lib/x86_64-linux-gnu/libdrm_nouveau.so.2.0.0
7fef5bbc2000-7fef5bbe2000 r-xp 00000000 08:01 8914634                    /usr/lib/x86_64-linux-gnu/libdrm_intel.so.1.0.0
7fef5bbe2000-7fef5bde1000 ---p 00020000 08:01 8914634                    /usr/lib/x86_64-linux-gnu/libdrm_intel.so.1.0.0
7fef5bde1000-7fef5bde2000 r--p 0001f000 08:01 8914634                    /usr/lib/x86_64-linux-gnu/libdrm_intel.so.1.0.0
7fef5bde2000-7fef5bde3000 rw-p 00020000 08:01 8914634                    /usr/lib/x86_64-linux-gnu/libdrm_intel.so.1.0.0
7fef5bde3000-7fef5c2eb000 r-xp 00000000 08:01 9045608                    /usr/lib/x86_64-linux-gnu/dri/i915_dri.so
7fef5c2eb000-7fef5c4ea000 ---p 00508000 08:01 9045608                    /usr/lib/x86_64-linux-gnu/dri/i915_dri.so
7fef5c4ea000-7fef5c504000 r--p 00507000 08:01 9045608                    /usr/lib/x86_64-linux-gnu/dri/i915_dri.so
7fef5c504000-7fef5c50a000 rw-p 00521000 08:01 9045608                    /usr/lib/x86_64-linux-gnu/dri/i915_dri.so
7fef5c50a000-7fef5c515000 rw-p 00000000 00:00 0 
7fef5c515000-7fef5c559000 r-xp 00000000 08:01 2887911                    /lib/x86_64-linux-gnu/libdbus-1.so.3.7.6
7fef5c559000-7fef5c758000 ---p 00044000 08:01 2887911                    /lib/x86_64-linux-gnu/libdbus-1.so.3.7.6
7fef5c758000-7fef5c759000 r--p 00043000 08:01 2887911                    /lib/x86_64-linux-gnu/libdbus-1.so.3.7.6
7fef5c759000-7fef5c75a000 rw-p 00044000 08:01 2887911                    /lib/x86_64-linux-gnu/libdbus-1.so.3.7.6
7fef5c75a000-7fef5c762000 r-xp 00000000 08:01 2887652                    /lib/x86_64-linux-gnu/libnih-dbus.so.1.0.0
7fef5c762000-7fef5c962000 ---p 00008000 08:01 2887652                    /lib/x86_64-linux-gnu/libnih-dbus.so.1.0.0
7fef5c962000-7fef5c963000 r--p 00008000 08:01 2887652                    /lib/x86_64-linux-gnu/libnih-dbus.so.1.0.0
7fef5c963000-7fef5c964000 rw-p 00009000 08:01 2887652                    /lib/x86_64-linux-gnu/libnih-dbus.so.1.0.0
7fef5c964000-7fef5c97b000 r-xp 00000000 08:01 2887654                    /lib/x86_64-linux-gnu/libnih.so.1.0.0
7fef5c97b000-7fef5cb7a000 ---p 00017000 08:01 2887654                    /lib/x86_64-linux-gnu/libnih.so.1.0.0
7fef5cb7a000-7fef5cb7b000 r--p 00016000 08:01 2887654                    /lib/x86_64-linux-gnu/libnih.so.1.0.0
7fef5cb7b000-7fef5cb7c000 rw-p 00017000 08:01 2887654                    /lib/x86_64-linux-gnu/libnih.so.1.0.0
7fef5cb7c000-7fef5cb95000 r-xp 00000000 08:01 2887930                    /lib/x86_64-linux-gnu/libcgmanager.so.0.0.0
7fef5cb95000-7fef5cd94000 ---p 00019000 08:01 2887930                    /lib/x86_64-linux-gnu/libcgmanager.so.0.0.0
7fef5cd94000-7fef5cd96000 r--p 00018000 08:01 2887930                    /lib/x86_64-linux-gnu/libcgmanager.so.0.0.0
7fef5cd96000-7fef5cd97000 rw-p 0001a000 08:01 2887930                    /lib/x86_64-linux-gnu/libcgmanager.so.0.0.0
7fef5cd97000-7fef5cda7000 r-xp 00000000 08:01 2887543                    /lib/x86_64-linux-gnu/libudev.so.1.3.5
7fef5cda7000-7fef5cfa6000 ---p 00010000 08:01 2887543                    /lib/x86_64-linux-gnu/libudev.so.1.3.5
7fef5cfa6000-7fef5cfa7000 r--p 0000f000 08:01 2887543                    /lib/x86_64-linux-gnu/libudev.so.1.3.5
7fef5cfa7000-7fef5cfa8000 rw-p 00010000 08:01 2887543                    /lib/x86_64-linux-gnu/libudev.so.1.3.5
7fef5cfa8000-7fef5cfae000 r-xp 00000000 08:01 8918266                    /usr/lib/x86_64-linux-gnu/libdatrie.so.1.3.1
7fef5cfae000-7fef5d1ad000 ---p 00006000 08:01 8918266                    /usr/lib/x86_64-linux-gnu/libdatrie.so.1.3.1
7fef5d1ad000-7fef5d1ae000 r--p 00005000 08:01 8918266                    /usr/lib/x86_64-linux-gnu/libdatrie.so.1.3.1
7fef5d1ae000-7fef5d1af000 rw-p 00006000 08:01 8918266                    /usr/lib/x86_64-linux-gnu/libdatrie.so.1.3.1
7fef5d1af000-7fef5d1b4000 r-xp 00000000 08:01 8918092                    /usr/lib/x86_64-linux-gnu/libXdmcp.so.6.0.0
7fef5d1b4000-7fef5d3b3000 ---p 00005000 08:01 8918092                    /usr/lib/x86_64-linux-gnu/libXdmcp.so.6.0.0
7fef5d3b3000-7fef5d3b4000 r--p 00004000 08:01 8918092                    /usr/lib/x86_64-linux-gnu/libXdmcp.so.6.0.0
7fef5d3b4000-7fef5d3b5000 rw-p 00005000 08:01 8918092                    /usr/lib/x86_64-linux-gnu/libXdmcp.so.6.0.0
7fef5d3b5000-7fef5d3b7000 r-xp 00000000 08:01 8918081                    /usr/lib/x86_64-linux-gnu/libXau.so.6.0.0
7fef5d3b7000-7fef5d5b7000 ---p 00002000 08:01 8918081                    /usr/lib/x86_64-linux-gnu/libXau.so.6.0.0
7fef5d5b7000-7fef5d5b8000 r--p 00002000 08:01 8918081                    /usr/lib/x86_64-linux-gnu/libXau.so.6.0.0
7fef5d5b8000-7fef5d5b9000 rw-p 00003000 08:01 8918081                    /usr/lib/x86_64-linux-gnu/libXau.so.6.0.0
7fef5d5b9000-7fef5d5d3000 r-xp 00000000 08:01 8918458                    /usr/lib/x86_64-linux-gnu/libgraphite2.so.3.0.1
7fef5d5d3000-7fef5d7d2000 ---p 0001a000 08:01 8918458                    /usr/lib/x86_64-linux-gnu/libgraphite2.so.3.0.1
7fef5d7d2000-7fef5d7d4000 r--p 00019000 08:01 8918458                    /usr/lib/x86_64-linux-gnu/libgraphite2.so.3.0.1
7fef5d7d4000-7fef5d7d5000 rw-p 0001b000 08:01 8918458                    /usr/lib/x86_64-linux-gnu/libgraphite2.so.3.0.1
7fef5d7d5000-7fef5d7e2000 r-xp 00000000 08:01 8918439                    /usr/lib/x86_64-linux-gnu/libdrm.so.2.4.0
7fef5d7e2000-7fef5d9e1000 ---p 0000d000 08:01 8918439                    /usr/lib/x86_64-linux-gnu/libdrm.so.2.4.0
7fef5d9e1000-7fef5d9e2000 r--p 0000c000 08:01 8918439                    /usr/lib/x86_64-linux-gnu/libdrm.so.2.4.0
7fef5d9e2000-7fef5d9e3000 rw-p 0000d000 08:01 8918439                    /usr/lib/x86_64-linux-gnu/libdrm.so.2.4.0
7fef5d9e3000-7fef5d9e4000 r-xp 00000000 08:01 8919016                    /usr/lib/x86_64-linux-gnu/libxshmfence.so.1.0.0
7fef5d9e4000-7fef5dbe3000 ---p 00001000 08:01 8919016                    /usr/lib/x86_64-linux-gnu/libxshmfence.so.1.0.0
7fef5dbe3000-7fef5dbe4000 r--p 00000000 08:01 8919016                    /usr/lib/x86_64-linux-gnu/libxshmfence.so.1.0.0
7fef5dbe4000-7fef5dbe5000 rw-p 00001000 08:01 8919016                    /usr/lib/x86_64-linux-gnu/libxshmfence.so.1.0.0
7fef5dbe5000-7fef5dbea000 r-xp 00000000 08:01 8918994                    /usr/lib/x86_64-linux-gnu/libxcb-sync.so.1.0.0
7fef5dbea000-7fef5dde9000 ---p 00005000 08:01 8918994                    /usr/lib/x86_64-linux-gnu/libxcb-sync.so.1.0.0
7fef5dde9000-7fef5ddea000 r--p 00004000 08:01 8918994                    /usr/lib/x86_64-linux-gnu/libxcb-sync.so.1.0.0
7fef5ddea000-7fef5ddeb000 rw-p 00005000 08:01 8918994                    /usr/lib/x86_64-linux-gnu/libxcb-sync.so.1.0.0
7fef5ddeb000-7fef5dded000 r-xp 00000000 08:01 8918986                    /usr/lib/x86_64-linux-gnu/libxcb-present.so.0.0.0
7fef5dded000-7fef5dfec000 ---p 00002000 08:01 8918986                    /usr/lib/x86_64-linux-gnu/libxcb-present.so.0.0.0
7fef5dfec000-7fef5dfed000 r--p 00001000 08:01 8918986                    /usr/lib/x86_64-linux-gnu/libxcb-present.so.0.0.0
7fef5dfed000-7fef5dfee000 rw-p 00002000 08:01 8918986                    /usr/lib/x86_64-linux-gnu/libxcb-present.so.0.0.0
7fef5dfee000-7fef5dff0000 r-xp 00000000 08:01 8918982                    /usr/lib/x86_64-linux-gnu/libxcb-dri3.so.0.0.0
7fef5dff0000-7fef5e1ef000 ---p 00002000 08:01 8918982                    /usr/lib/x86_64-linux-gnu/libxcb-dri3.so.0.0.0
7fef5e1ef000-7fef5e1f0000 r--p 00001000 08:01 8918982                    /usr/lib/x86_64-linux-gnu/libxcb-dri3.so.0.0.0
7fef5e1f0000-7fef5e1f1000 rw-p 00002000 08:01 8918982                    /usr/lib/x86_64-linux-gnu/libxcb-dri3.so.0.0.0
7fef5e1f1000-7fef5e1f4000 r-xp 00000000 08:01 8918980                    /usr/lib/x86_64-linux-gnu/libxcb-dri2.so.0.0.0
7fef5e1f4000-7fef5e3f4000 ---p 00003000 08:01 8918980                    /usr/lib/x86_64-linux-gnu/libxcb-dri2.so.0.0.0
7fef5e3f4000-7fef5e3f5000 r--p 00003000 08:01 8918980                    /usr/lib/x86_64-linux-gnu/libxcb-dri2.so.0.0.0
7fef5e3f5000-7fef5e3f6000 rw-p 00004000 08:01 8918980                    /usr/lib/x86_64-linux-gnu/libxcb-dri2.so.0.0.0
7fef5e3f6000-7fef5e40b000 r-xp 00000000 08:01 8918984                    /usr/lib/x86_64-linux-gnu/libxcb-glx.so.0.0.0
7fef5e40b000-7fef5e60a000 ---p 00015000 08:01 8918984                    /usr/lib/x86_64-linux-gnu/libxcb-glx.so.0.0.0
7fef5e60a000-7fef5e60c000 r--p 00014000 08:01 8918984                    /usr/lib/x86_64-linux-gnu/libxcb-glx.so.0.0.0
7fef5e60c000-7fef5e60d000 rw-p 00016000 08:01 8918984                    /usr/lib/x86_64-linux-gnu/libxcb-glx.so.0.0.0
7fef5e60d000-7fef5e60e000 r-xp 00000000 08:01 8918075                    /usr/lib/x86_64-linux-gnu/libX11-xcb.so.1.0.0
7fef5e60e000-7fef5e80d000 ---p 00001000 08:01 8918075                    /usr/lib/x86_64-linux-gnu/libX11-xcb.so.1.0.0
7fef5e80d000-7fef5e80e000 r--p 00000000 08:01 8918075                    /usr/lib/x86_64-linux-gnu/libX11-xcb.so.1.0.0
7fef5e80e000-7fef5e80f000 rw-p 00001000 08:01 8918075                    /usr/lib/x86_64-linux-gnu/libX11-xcb.so.1.0.0
7fef5e80f000-7fef5e833000 r-xp 00000000 08:01 8918420                    /usr/lib/x86_64-linux-gnu/libglapi.so.0.0.0
7fef5e833000-7fef5ea33000 ---p 00024000 08:01 8918420                    /usr/lib/x86_64-linux-gnu/libglapi.so.0.0.0
7fef5ea33000-7fef5ea36000 r--p 00024000 08:01 8918420                    /usr/lib/x86_64-linux-gnu/libglapi.so.0.0.0
7fef5ea36000-7fef5ea37000 rw-p 00027000 08:01 8918420                    /usr/lib/x86_64-linux-gnu/libglapi.so.0.0.0
7fef5ea37000-7fef5ea38000 rw-p 00000000 00:00 0 
7fef5ea38000-7fef5ea75000 r-xp 00000000 08:01 2887890                    /lib/x86_64-linux-gnu/libpcre.so.3.13.1
7fef5ea75000-7fef5ec74000 ---p 0003d000 08:01 2887890                    /lib/x86_64-linux-gnu/libpcre.so.3.13.1
7fef5ec74000-7fef5ec75000 r--p 0003c000 08:01 2887890                    /lib/x86_64-linux-gnu/libpcre.so.3.13.1
7fef5ec75000-7fef5ec76000 rw-p 0003d000 08:01 2887890                    /lib/x86_64-linux-gnu/libpcre.so.3.13.1
7fef5ec76000-7fef5ec7d000 r-xp 00000000 08:01 8918339                    /usr/lib/x86_64-linux-gnu/libffi.so.6.0.1
7fef5ec7d000-7fef5ee7c000 ---p 00007000 08:01 8918339                    /usr/lib/x86_64-linux-gnu/libffi.so.6.0.1
7fef5ee7c000-7fef5ee7d000 r--p 00006000 08:01 8918339                    /usr/lib/x86_64-linux-gnu/libffi.so.6.0.1
7fef5ee7d000-7fef5ee7e000 rw-p 00007000 08:01 8918339                    /usr/lib/x86_64-linux-gnu/libffi.so.6.0.1
7fef5ee7e000-7fef5eea5000 r-xp 00000000 08:01 2887897                    /lib/x86_64-linux-gnu/libexpat.so.1.6.0
7fef5eea5000-7fef5f0a5000 ---p 00027000 08:01 2887897                    /lib/x86_64-linux-gnu/libexpat.so.1.6.0
7fef5f0a5000-7fef5f0a7000 r--p 00027000 08:01 2887897                    /lib/x86_64-linux-gnu/libexpat.so.1.6.0
7fef5f0a7000-7fef5f0a8000 rw-p 00029000 08:01 2887897                    /lib/x86_64-linux-gnu/libexpat.so.1.6.0
7fef5f0a8000-7fef5f0b0000 r-xp 00000000 08:01 8918900                    /usr/lib/x86_64-linux-gnu/libthai.so.0.2.0
7fef5f0b0000-7fef5f2af000 ---p 00008000 08:01 8918900                    /usr/lib/x86_64-linux-gnu/libthai.so.0.2.0
7fef5f2af000-7fef5f2b0000 r--p 00007000 08:01 8918900                    /usr/lib/x86_64-linux-gnu/libthai.so.0.2.0
7fef5f2b0000-7fef5f2b1000 rw-p 00008000 08:01 8918900                    /usr/lib/x86_64-linux-gnu/libthai.so.0.2.0
7fef5f2b1000-7fef5f2ce000 r-xp 00000000 08:01 8919000                    /usr/lib/x86_64-linux-gnu/libxcb.so.1.1.0
7fef5f2ce000-7fef5f4ce000 ---p 0001d000 08:01 8919000                    /usr/lib/x86_64-linux-gnu/libxcb.so.1.1.0
7fef5f4ce000-7fef5f4cf000 r--p 0001d000 08:01 8919000                    /usr/lib/x86_64-linux-gnu/libxcb.so.1.1.0
7fef5f4cf000-7fef5f4d0000 rw-p 0001e000 08:01 8919000                    /usr/lib/x86_64-linux-gnu/libxcb.so.1.1.0
7fef5f4d0000-7fef5f4d8000 r-xp 00000000 08:01 8918988                    /usr/lib/x86_64-linux-gnu/libxcb-render.so.0.0.0
7fef5f4d8000-7fef5f6d7000 ---p 00008000 08:01 8918988                    /usr/lib/x86_64-linux-gnu/libxcb-render.so.0.0.0
7fef5f6d7000-7fef5f6d8000 r--p 00007000 08:01 8918988                    /usr/lib/x86_64-linux-gnu/libxcb-render.so.0.0.0
7fef5f6d8000-7fef5f6d9000 rw-p 00008000 08:01 8918988                    /usr/lib/x86_64-linux-gnu/libxcb-render.so.0.0.0
7fef5f6d9000-7fef5f6db000 r-xp 00000000 08:01 8918992                    /usr/lib/x86_64-linux-gnu/libxcb-shm.so.0.0.0
7fef5f6db000-7fef5f8da000 ---p 00002000 08:01 8918992                    /usr/lib/x86_64-linux-gnu/libxcb-shm.so.0.0.0
7fef5f8da000-7fef5f8db000 r--p 00001000 08:01 8918992                    /usr/lib/x86_64-linux-gnu/libxcb-shm.so.0.0.0
7fef5f8db000-7fef5f8dc000 rw-p 00002000 08:01 8918992                    /usr/lib/x86_64-linux-gnu/libxcb-shm.so.0.0.0
7fef5f8dc000-7fef5f901000 r-xp 00000000 08:01 2887926                    /lib/x86_64-linux-gnu/libpng12.so.0.50.0
7fef5f901000-7fef5fb00000 ---p 00025000 08:01 2887926                    /lib/x86_64-linux-gnu/libpng12.so.0.50.0
7fef5fb00000-7fef5fb01000 r--p 00024000 08:01 2887926                    /lib/x86_64-linux-gnu/libpng12.so.0.50.0
7fef5fb01000-7fef5fb02000 rw-p 00025000 08:01 2887926                    /lib/x86_64-linux-gnu/libpng12.so.0.50.0
7fef5fb02000-7fef5fba3000 r-xp 00000000 08:01 8918764                    /usr/lib/x86_64-linux-gnu/libpixman-1.so.0.30.2
7fef5fba3000-7fef5fda3000 ---p 000a1000 08:01 8918764                    /usr/lib/x86_64-linux-gnu/libpixman-1.so.0.30.2
7fef5fda3000-7fef5fdaa000 r--p 000a1000 08:01 8918764                    /usr/lib/x86_64-linux-gnu/libpixman-1.so.0.30.2
7fef5fdaa000-7fef5fdab000 rw-p 000a8000 08:01 8918764                    /usr/lib/x86_64-linux-gnu/libpixman-1.so.0.30.2
7fef5fdab000-7fef5fdfe000 r-xp 00000000 08:01 8918564                    /usr/lib/x86_64-linux-gnu/libharfbuzz.so.0.927.0
7fef5fdfe000-7fef5fffe000 ---p 00053000 08:01 8918564                    /usr/lib/x86_64-linux-gnu/libharfbuzz.so.0.927.0
7fef5fffe000-7fef5ffff000 r--p 00053000 08:01 8918564                    /usr/lib/x86_64-linux-gnu/libharfbuzz.so.0.927.0
7fef5ffff000-7fef60000000 rw-p 00054000 08:01 8918564                    /usr/lib/x86_64-linux-gnu/libharfbuzz.so.0.927.0
7fef60000000-7fef61d00000 rw-p 00000000 00:00 0 
7fef61d00000-7fef64000000 ---p 00000000 00:00 0 
7fef64010000-7fef64023000 r--p 00000000 08:01 270042                     /usr/lib/jvm/java-8-oracle/jre/lib/fonts/LucidaBrightDemiBold.ttf
7fef64023000-7fef6405f000 r--p 00000000 08:01 270036                     /usr/lib/jvm/java-8-oracle/jre/lib/fonts/LucidaTypewriterRegular.ttf
7fef6405f000-7fef64072000 r--p 00000000 08:01 270035                     /usr/lib/jvm/java-8-oracle/jre/lib/fonts/LucidaBrightDemiItalic.ttf
7fef64072000-7fef64075000 ---p 00000000 00:00 0 
7fef64075000-7fef640ab000 rw-p 00000000 00:00 0                          [stack:9619]
7fef640ab000-7fef640c2000 r-xp 00000000 08:01 2887573                    /lib/x86_64-linux-gnu/libresolv-2.19.so
7fef640c2000-7fef642c2000 ---p 00017000 08:01 2887573                    /lib/x86_64-linux-gnu/libresolv-2.19.so
7fef642c2000-7fef642c3000 r--p 00017000 08:01 2887573                    /lib/x86_64-linux-gnu/libresolv-2.19.so
7fef642c3000-7fef642c4000 rw-p 00018000 08:01 2887573                    /lib/x86_64-linux-gnu/libresolv-2.19.so
7fef642c4000-7fef642c6000 rw-p 00000000 00:00 0 
7fef642c6000-7fef642e6000 r-xp 00000000 08:01 2887714                    /lib/x86_64-linux-gnu/libselinux.so.1
7fef642e6000-7fef644e5000 ---p 00020000 08:01 2887714                    /lib/x86_64-linux-gnu/libselinux.so.1
7fef644e5000-7fef644e6000 r--p 0001f000 08:01 2887714                    /lib/x86_64-linux-gnu/libselinux.so.1
7fef644e6000-7fef644e7000 rw-p 00020000 08:01 2887714                    /lib/x86_64-linux-gnu/libselinux.so.1
7fef644e7000-7fef644e9000 rw-p 00000000 00:00 0 
7fef644e9000-7fef64501000 r-xp 00000000 08:01 2887744                    /lib/x86_64-linux-gnu/libz.so.1.2.8
7fef64501000-7fef64700000 ---p 00018000 08:01 2887744                    /lib/x86_64-linux-gnu/libz.so.1.2.8
7fef64700000-7fef64701000 r--p 00017000 08:01 2887744                    /lib/x86_64-linux-gnu/libz.so.1.2.8
7fef64701000-7fef64702000 rw-p 00018000 08:01 2887744                    /lib/x86_64-linux-gnu/libz.so.1.2.8
7fef64702000-7fef64713000 r-xp 00000000 08:01 8918630                    /usr/lib/x86_64-linux-gnu/libXext.so.6.4.0
7fef64713000-7fef64912000 ---p 00011000 08:01 8918630                    /usr/lib/x86_64-linux-gnu/libXext.so.6.4.0
7fef64912000-7fef64913000 r--p 00010000 08:01 8918630                    /usr/lib/x86_64-linux-gnu/libXext.so.6.4.0
7fef64913000-7fef64914000 rw-p 00011000 08:01 8918630                    /usr/lib/x86_64-linux-gnu/libXext.so.6.4.0
7fef64914000-7fef64916000 r-xp 00000000 08:01 8918090                    /usr/lib/x86_64-linux-gnu/libXdamage.so.1.1.0
7fef64916000-7fef64b15000 ---p 00002000 08:01 8918090                    /usr/lib/x86_64-linux-gnu/libXdamage.so.1.1.0
7fef64b15000-7fef64b16000 r--p 00001000 08:01 8918090                    /usr/lib/x86_64-linux-gnu/libXdamage.so.1.1.0
7fef64b16000-7fef64b17000 rw-p 00002000 08:01 8918090                    /usr/lib/x86_64-linux-gnu/libXdamage.so.1.1.0
7fef64b17000-7fef64b19000 r-xp 00000000 08:01 8918086                    /usr/lib/x86_64-linux-gnu/libXcomposite.so.1.0.0
7fef64b19000-7fef64d18000 ---p 00002000 08:01 8918086                    /usr/lib/x86_64-linux-gnu/libXcomposite.so.1.0.0
7fef64d18000-7fef64d19000 r--p 00001000 08:01 8918086                    /usr/lib/x86_64-linux-gnu/libXcomposite.so.1.0.0
7fef64d19000-7fef64d1a000 rw-p 00002000 08:01 8918086                    /usr/lib/x86_64-linux-gnu/libXcomposite.so.1.0.0
7fef64d1a000-7fef64d23000 r-xp 00000000 08:01 8918088                    /usr/lib/x86_64-linux-gnu/libXcursor.so.1.0.2
7fef64d23000-7fef64f22000 ---p 00009000 08:01 8918088                    /usr/lib/x86_64-linux-gnu/libXcursor.so.1.0.2
7fef64f22000-7fef64f23000 r--p 00008000 08:01 8918088                    /usr/lib/x86_64-linux-gnu/libXcursor.so.1.0.2
7fef64f23000-7fef64f24000 rw-p 00009000 08:01 8918088                    /usr/lib/x86_64-linux-gnu/libXcursor.so.1.0.2
7fef64f24000-7fef64f2d000 r-xp 00000000 08:01 8918101                    /usr/lib/x86_64-linux-gnu/libXrandr.so.2.2.0
7fef64f2d000-7fef6512c000 ---p 00009000 08:01 8918101                    /usr/lib/x86_64-linux-gnu/libXrandr.so.2.2.0
7fef6512c000-7fef6512d000 r--p 00008000 08:01 8918101                    /usr/lib/x86_64-linux-gnu/libXrandr.so.2.2.0
7fef6512d000-7fef6512e000 rw-p 00009000 08:01 8918101                    /usr/lib/x86_64-linux-gnu/libXrandr.so.2.2.0
7fef6512e000-7fef6513d000 r-xp 00000000 08:01 8918115                    /usr/lib/x86_64-linux-gnu/libXi.so.6.1.0
7fef6513d000-7fef6533c000 ---p 0000f000 08:01 8918115                    /usr/lib/x86_64-linux-gnu/libXi.so.6.1.0
7fef6533c000-7fef6533d000 r--p 0000e000 08:01 8918115                    /usr/lib/x86_64-linux-gnu/libXi.so.6.1.0
7fef6533d000-7fef6533e000 rw-p 0000f000 08:01 8918115                    /usr/lib/x86_64-linux-gnu/libXi.so.6.1.0
7fef6533e000-7fef65340000 r-xp 00000000 08:01 8918104                    /usr/lib/x86_64-linux-gnu/libXinerama.so.1.0.0
7fef65340000-7fef6553f000 ---p 00002000 08:01 8918104                    /usr/lib/x86_64-linux-gnu/libXinerama.so.1.0.0
7fef6553f000-7fef65540000 r--p 00001000 08:01 8918104                    /usr/lib/x86_64-linux-gnu/libXinerama.so.1.0.0
7fef65540000-7fef65541000 rw-p 00002000 08:01 8918104                    /usr/lib/x86_64-linux-gnu/libXinerama.so.1.0.0
7fef65541000-7fef6554a000 r-xp 00000000 08:01 8920543                    /usr/lib/x86_64-linux-gnu/libXrender.so.1.3.0
7fef6554a000-7fef65749000 ---p 00009000 08:01 8920543                    /usr/lib/x86_64-linux-gnu/libXrender.so.1.3.0
7fef65749000-7fef6574a000 r--p 00008000 08:01 8920543                    /usr/lib/x86_64-linux-gnu/libXrender.so.1.3.0
7fef6574a000-7fef6574b000 rw-p 00009000 08:01 8920543                    /usr/lib/x86_64-linux-gnu/libXrender.so.1.3.0
7fef6574b000-7fef65750000 r-xp 00000000 08:01 8918359                    /usr/lib/x86_64-linux-gnu/libXfixes.so.3.1.0
7fef65750000-7fef6594f000 ---p 00005000 08:01 8918359                    /usr/lib/x86_64-linux-gnu/libXfixes.so.3.1.0
7fef6594f000-7fef65950000 r--p 00004000 08:01 8918359                    /usr/lib/x86_64-linux-gnu/libXfixes.so.3.1.0
7fef65950000-7fef65951000 rw-p 00005000 08:01 8918359                    /usr/lib/x86_64-linux-gnu/libXfixes.so.3.1.0
7fef65951000-7fef65967000 r-xp 00000000 08:01 2887566                    /lib/x86_64-linux-gnu/libgcc_s.so.1
7fef65967000-7fef65b66000 ---p 00016000 08:01 2887566                    /lib/x86_64-linux-gnu/libgcc_s.so.1
7fef65b66000-7fef65b67000 rw-p 00015000 08:01 2887566                    /lib/x86_64-linux-gnu/libgcc_s.so.1
7fef65b67000-7fef65c4d000 r-xp 00000000 08:01 8913863                    /usr/lib/x86_64-linux-gnu/libstdc++.so.6.0.19
7fef65c4d000-7fef65e4c000 ---p 000e6000 08:01 8913863                    /usr/lib/x86_64-linux-gnu/libstdc++.so.6.0.19
7fef65e4c000-7fef65e54000 r--p 000e5000 08:01 8913863                    /usr/lib/x86_64-linux-gnu/libstdc++.so.6.0.19
7fef65e54000-7fef65e56000 rw-p 000ed000 08:01 8913863                    /usr/lib/x86_64-linux-gnu/libstdc++.so.6.0.19
7fef65e56000-7fef65e6b000 rw-p 00000000 00:00 0 
7fef65e6b000-7fef65ef7000 r-xp 00000000 08:01 9046254                    /usr/lib/x86_64-linux-gnu/mesa/libGL.so.1.2.0
7fef65ef7000-7fef660f6000 ---p 0008c000 08:01 9046254                    /usr/lib/x86_64-linux-gnu/mesa/libGL.so.1.2.0
7fef660f6000-7fef660f9000 r--p 0008b000 08:01 9046254                    /usr/lib/x86_64-linux-gnu/mesa/libGL.so.1.2.0
7fef660f9000-7fef660fa000 rw-p 0008e000 08:01 9046254                    /usr/lib/x86_64-linux-gnu/mesa/libGL.so.1.2.0
7fef660fa000-7fef660fb000 rw-p 00000000 00:00 0 
7fef660fb000-7fef660ff000 r-xp 00000000 08:01 8918132                    /usr/lib/x86_64-linux-gnu/libXxf86vm.so.1.0.0
7fef660ff000-7fef662ff000 ---p 00004000 08:01 8918132                    /usr/lib/x86_64-linux-gnu/libXxf86vm.so.1.0.0
7fef662ff000-7fef66300000 r--p 00004000 08:01 8918132                    /usr/lib/x86_64-linux-gnu/libXxf86vm.so.1.0.0
7fef66300000-7fef66301000 rw-p 00005000 08:01 8918132                    /usr/lib/x86_64-linux-gnu/libXxf86vm.so.1.0.0
7fef66301000-7fef66431000 r-xp 00000000 08:01 8918077                    /usr/lib/x86_64-linux-gnu/libX11.so.6.3.0
7fef66431000-7fef66631000 ---p 00130000 08:01 8918077                    /usr/lib/x86_64-linux-gnu/libX11.so.6.3.0
7fef66631000-7fef66632000 r--p 00130000 08:01 8918077                    /usr/lib/x86_64-linux-gnu/libX11.so.6.3.0
7fef66632000-7fef66636000 rw-p 00131000 08:01 8918077                    /usr/lib/x86_64-linux-gnu/libX11.so.6.3.0
7fef66636000-7fef6663b000 r-xp 00000000 08:01 8918122                    /usr/lib/x86_64-linux-gnu/libXtst.so.6.1.0
7fef6663b000-7fef6683a000 ---p 00005000 08:01 8918122                    /usr/lib/x86_64-linux-gnu/libXtst.so.6.1.0
7fef6683a000-7fef6683b000 r--p 00004000 08:01 8918122                    /usr/lib/x86_64-linux-gnu/libXtst.so.6.1.0
7fef6683b000-7fef6683c000 rw-p 00005000 08:01 8918122                    /usr/lib/x86_64-linux-gnu/libXtst.so.6.1.0
7fef6683c000-7fef66942000 r-xp 00000000 08:01 2887621                    /lib/x86_64-linux-gnu/libglib-2.0.so.0.4002.0
7fef66942000-7fef66b41000 ---p 00106000 08:01 2887621                    /lib/x86_64-linux-gnu/libglib-2.0.so.0.4002.0
7fef66b41000-7fef66b42000 r--p 00105000 08:01 2887621                    /lib/x86_64-linux-gnu/libglib-2.0.so.0.4002.0
7fef66b42000-7fef66b43000 rw-p 00106000 08:01 2887621                    /lib/x86_64-linux-gnu/libglib-2.0.so.0.4002.0
7fef66b43000-7fef66b44000 rw-p 00000000 00:00 0 
7fef66b44000-7fef66b45000 r-xp 00000000 08:01 8918544                    /usr/lib/x86_64-linux-gnu/libgthread-2.0.so.0.4002.0
7fef66b45000-7fef66d44000 ---p 00001000 08:01 8918544                    /usr/lib/x86_64-linux-gnu/libgthread-2.0.so.0.4002.0
7fef66d44000-7fef66d45000 r--p 00000000 08:01 8918544                    /usr/lib/x86_64-linux-gnu/libgthread-2.0.so.0.4002.0
7fef66d45000-7fef66d46000 rw-p 00001000 08:01 8918544                    /usr/lib/x86_64-linux-gnu/libgthread-2.0.so.0.4002.0
7fef66d46000-7fef66d49000 r-xp 00000000 08:01 8918428                    /usr/lib/x86_64-linux-gnu/libgmodule-2.0.so.0.4002.0
7fef66d49000-7fef66f48000 ---p 00003000 08:01 8918428                    /usr/lib/x86_64-linux-gnu/libgmodule-2.0.so.0.4002.0
7fef66f48000-7fef66f49000 r--p 00002000 08:01 8918428                    /usr/lib/x86_64-linux-gnu/libgmodule-2.0.so.0.4002.0
7fef66f49000-7fef66f4a000 rw-p 00003000 08:01 8918428                    /usr/lib/x86_64-linux-gnu/libgmodule-2.0.so.0.4002.0
7fef66f4a000-7fef66f99000 r-xp 00000000 08:01 8918442                    /usr/lib/x86_64-linux-gnu/libgobject-2.0.so.0.4002.0
7fef66f99000-7fef67199000 ---p 0004f000 08:01 8918442                    /usr/lib/x86_64-linux-gnu/libgobject-2.0.so.0.4002.0
7fef67199000-7fef6719a000 r--p 0004f000 08:01 8918442                    /usr/lib/x86_64-linux-gnu/libgobject-2.0.so.0.4002.0
7fef6719a000-7fef6719b000 rw-p 00050000 08:01 8918442                    /usr/lib/x86_64-linux-gnu/libgobject-2.0.so.0.4002.0
7fef6719b000-7fef671d5000 r-xp 00000000 08:01 8914672                    /usr/lib/x86_64-linux-gnu/libfontconfig.so.1.8.0
7fef671d5000-7fef673d4000 ---p 0003a000 08:01 8914672                    /usr/lib/x86_64-linux-gnu/libfontconfig.so.1.8.0
7fef673d4000-7fef673d6000 r--p 00039000 08:01 8914672                    /usr/lib/x86_64-linux-gnu/libfontconfig.so.1.8.0
7fef673d6000-7fef673d7000 rw-p 0003b000 08:01 8914672                    /usr/lib/x86_64-linux-gnu/libfontconfig.so.1.8.0
7fef673d7000-7fef67474000 r-xp 00000000 08:01 8914675                    /usr/lib/x86_64-linux-gnu/libfreetype.so.6.11.1
7fef67474000-7fef67673000 ---p 0009d000 08:01 8914675                    /usr/lib/x86_64-linux-gnu/libfreetype.so.6.11.1
7fef67673000-7fef67679000 r--p 0009c000 08:01 8914675                    /usr/lib/x86_64-linux-gnu/libfreetype.so.6.11.1
7fef67679000-7fef6767a000 rw-p 000a2000 08:01 8914675                    /usr/lib/x86_64-linux-gnu/libfreetype.so.6.11.1
7fef6767a000-7fef676c4000 r-xp 00000000 08:01 8918741                    /usr/lib/x86_64-linux-gnu/libpango-1.0.so.0.3600.3
7fef676c4000-7fef678c4000 ---p 0004a000 08:01 8918741                    /usr/lib/x86_64-linux-gnu/libpango-1.0.so.0.3600.3
7fef678c4000-7fef678c6000 r--p 0004a000 08:01 8918741                    /usr/lib/x86_64-linux-gnu/libpango-1.0.so.0.3600.3
7fef678c6000-7fef678c7000 rw-p 0004c000 08:01 8918741                    /usr/lib/x86_64-linux-gnu/libpango-1.0.so.0.3600.3
7fef678c7000-7fef679cd000 r-xp 00000000 08:01 8918208                    /usr/lib/x86_64-linux-gnu/libcairo.so.2.11301.0
7fef679cd000-7fef67bcc000 ---p 00106000 08:01 8918208                    /usr/lib/x86_64-linux-gnu/libcairo.so.2.11301.0
7fef67bcc000-7fef67bcf000 r--p 00105000 08:01 8918208                    /usr/lib/x86_64-linux-gnu/libcairo.so.2.11301.0
7fef67bcf000-7fef67bd0000 rw-p 00108000 08:01 8918208                    /usr/lib/x86_64-linux-gnu/libcairo.so.2.11301.0
7fef67bd0000-7fef67bd2000 rw-p 00000000 00:00 0 
7fef67bd2000-7fef67bdd000 r-xp 00000000 08:01 8918743                    /usr/lib/x86_64-linux-gnu/libpangocairo-1.0.so.0.3600.3
7fef67bdd000-7fef67ddd000 ---p 0000b000 08:01 8918743                    /usr/lib/x86_64-linux-gnu/libpangocairo-1.0.so.0.3600.3
7fef67ddd000-7fef67dde000 r--p 0000b000 08:01 8918743                    /usr/lib/x86_64-linux-gnu/libpangocairo-1.0.so.0.3600.3
7fef67dde000-7fef67ddf000 rw-p 0000c000 08:01 8918743                    /usr/lib/x86_64-linux-gnu/libpangocairo-1.0.so.0.3600.3
7fef67ddf000-7fef67dfe000 r-xp 00000000 08:01 8918400                    /usr/lib/x86_64-linux-gnu/libgdk_pixbuf-2.0.so.0.3000.7
7fef67dfe000-7fef67ffe000 ---p 0001f000 08:01 8918400                    /usr/lib/x86_64-linux-gnu/libgdk_pixbuf-2.0.so.0.3000.7
7fef67ffe000-7fef67fff000 r--p 0001f000 08:01 8918400                    /usr/lib/x86_64-linux-gnu/libgdk_pixbuf-2.0.so.0.3000.7
7fef67fff000-7fef68000000 rw-p 00020000 08:01 8918400                    /usr/lib/x86_64-linux-gnu/libgdk_pixbuf-2.0.so.0.3000.7
7fef68000000-7fef68021000 rw-p 00000000 00:00 0 
7fef68021000-7fef6c000000 ---p 00000000 00:00 0 
7fef6c000000-7fef6c021000 rw-p 00000000 00:00 0 
7fef6c021000-7fef70000000 ---p 00000000 00:00 0 
7fef70000000-7fef70393000 rw-p 00000000 00:00 0 
7fef70393000-7fef74000000 ---p 00000000 00:00 0 
7fef74000000-7fef74553000 rw-p 00000000 00:00 0 
7fef74553000-7fef78000000 ---p 00000000 00:00 0 
7fef78000000-7fef78052000 rw-p 00000000 00:00 0 
7fef78052000-7fef7c000000 ---p 00000000 00:00 0 
7fef7c000000-7fef7c021000 rw-p 00000000 00:00 0 
7fef7c021000-7fef80000000 ---p 00000000 00:00 0 
7fef80000000-7fef80021000 rw-p 00000000 00:00 0 
7fef80021000-7fef84000000 ---p 00000000 00:00 0 
7fef84000000-7fef84021000 rw-p 00000000 00:00 0 
7fef84021000-7fef88000000 ---p 00000000 00:00 0 
7fef88000000-7fef88021000 rw-p 00000000 00:00 0 
7fef88021000-7fef8c000000 ---p 00000000 00:00 0 
7fef8c000000-7fef8c021000 rw-p 00000000 00:00 0 
7fef8c021000-7fef90000000 ---p 00000000 00:00 0 
7fef90000000-7fef90021000 rw-p 00000000 00:00 0 
7fef90021000-7fef94000000 ---p 00000000 00:00 0 
7fef94000000-7fef94021000 rw-p 00000000 00:00 0 
7fef94021000-7fef98000000 ---p 00000000 00:00 0 
7fef98000000-7fef98021000 rw-p 00000000 00:00 0 
7fef98021000-7fef9c000000 ---p 00000000 00:00 0 
7fef9c009000-7fef9c010000 r--s 00000000 08:01 9051614                    /usr/lib/x86_64-linux-gnu/gconv/gconv-modules.cache
7fef9c010000-7fef9c013000 ---p 00000000 00:00 0 
7fef9c013000-7fef9c049000 rw-p 00000000 00:00 0                          [stack:9602]
7fef9c049000-7fef9c054000 r--s 00000000 08:01 7864379                    /var/cache/fontconfig/945677eb7aeaf62f1d50efc3fb3ec7d8-le64.cache-4
7fef9c054000-7fef9c057000 ---p 00000000 00:00 0 
7fef9c057000-7fef9c155000 rw-p 00000000 00:00 0                          [stack:9597]
7fef9c155000-7fef9c169000 r-xp 00000000 08:01 8918745                    /usr/lib/x86_64-linux-gnu/libpangoft2-1.0.so.0.3600.3
7fef9c169000-7fef9c368000 ---p 00014000 08:01 8918745                    /usr/lib/x86_64-linux-gnu/libpangoft2-1.0.so.0.3600.3
7fef9c368000-7fef9c369000 r--p 00013000 08:01 8918745                    /usr/lib/x86_64-linux-gnu/libpangoft2-1.0.so.0.3600.3
7fef9c369000-7fef9c36a000 rw-p 00014000 08:01 8918745                    /usr/lib/x86_64-linux-gnu/libpangoft2-1.0.so.0.3600.3
7fef9c36a000-7fef9c4d6000 r-xp 00000000 08:01 8918416                    /usr/lib/x86_64-linux-gnu/libgio-2.0.so.0.4002.0
7fef9c4d6000-7fef9c6d5000 ---p 0016c000 08:01 8918416                    /usr/lib/x86_64-linux-gnu/libgio-2.0.so.0.4002.0
7fef9c6d5000-7fef9c6d9000 r--p 0016b000 08:01 8918416                    /usr/lib/x86_64-linux-gnu/libgio-2.0.so.0.4002.0
7fef9c6d9000-7fef9c6db000 rw-p 0016f000 08:01 8918416                    /usr/lib/x86_64-linux-gnu/libgio-2.0.so.0.4002.0
7fef9c6db000-7fef9c6dd000 rw-p 00000000 00:00 0 
7fef9c6dd000-7fef9c6fc000 r-xp 00000000 08:01 8918164                    /usr/lib/x86_64-linux-gnu/libatk-1.0.so.0.21009.1
7fef9c6fc000-7fef9c8fc000 ---p 0001f000 08:01 8918164                    /usr/lib/x86_64-linux-gnu/libatk-1.0.so.0.21009.1
7fef9c8fc000-7fef9c8fe000 r--p 0001f000 08:01 8918164                    /usr/lib/x86_64-linux-gnu/libatk-1.0.so.0.21009.1
7fef9c8fe000-7fef9c8ff000 rw-p 00021000 08:01 8918164                    /usr/lib/x86_64-linux-gnu/libatk-1.0.so.0.21009.1
7fef9c8ff000-7fef9c9ac000 r-xp 00000000 08:01 8918398                    /usr/lib/x86_64-linux-gnu/libgdk-x11-2.0.so.0.2400.23
7fef9c9ac000-7fef9cbab000 ---p 000ad000 08:01 8918398                    /usr/lib/x86_64-linux-gnu/libgdk-x11-2.0.so.0.2400.23
7fef9cbab000-7fef9cbaf000 r--p 000ac000 08:01 8918398                    /usr/lib/x86_64-linux-gnu/libgdk-x11-2.0.so.0.2400.23
7fef9cbaf000-7fef9cbb1000 rw-p 000b0000 08:01 8918398                    /usr/lib/x86_64-linux-gnu/libgdk-x11-2.0.so.0.2400.23
7fef9cbb1000-7fef9cfe0000 r-xp 00000000 08:01 8918548                    /usr/lib/x86_64-linux-gnu/libgtk-x11-2.0.so.0.2400.23
7fef9cfe0000-7fef9d1df000 ---p 0042f000 08:01 8918548                    /usr/lib/x86_64-linux-gnu/libgtk-x11-2.0.so.0.2400.23
7fef9d1df000-7fef9d1e6000 r--p 0042e000 08:01 8918548                    /usr/lib/x86_64-linux-gnu/libgtk-x11-2.0.so.0.2400.23
7fef9d1e6000-7fef9d1ea000 rw-p 00435000 08:01 8918548                    /usr/lib/x86_64-linux-gnu/libgtk-x11-2.0.so.0.2400.23
7fef9d1ea000-7fef9d1ed000 rw-p 00000000 00:00 0 
7fef9d1ed000-7fef9d1f9000 r-xp 00000000 08:01 403860                     /usr/lib/jvm/java-8-oracle/jre/lib/amd64/libprism_es2.so
7fef9d1f9000-7fef9d3f8000 ---p 0000c000 08:01 403860                     /usr/lib/jvm/java-8-oracle/jre/lib/amd64/libprism_es2.so
7fef9d3f8000-7fef9d3f9000 rw-p 0000b000 08:01 403860                     /usr/lib/jvm/java-8-oracle/jre/lib/amd64/libprism_es2.so
7fef9d3f9000-7fef9d3fc000 ---p 00000000 00:00 0 
7fef9d3fc000-7fef9d4fa000 rw-p 00000000 00:00 0                          [stack:9596]
7fef9d4fa000-7fef9d58f000 r--s 01109000 08:01 270074                     /usr/lib/jvm/java-8-oracle/jre/lib/ext/jfxrt.jar
7fef9d58f000-7fef9d590000 ---p 00000000 00:00 0 
7fef9d590000-7fef9d690000 rw-p 00000000 00:00 0                          [stack:9595]
7fef9d690000-7fef9d693000 ---p 00000000 00:00 0 
7fef9d693000-7fef9d791000 rw-p 00000000 00:00 0                          [stack:9594]
7fef9d791000-7fef9d794000 ---p 00000000 00:00 0 
7fef9d794000-7fef9d892000 rw-p 00000000 00:00 0                          [stack:9593]
7fef9d892000-7fef9d895000 ---p 00000000 00:00 0 
7fef9d895000-7fef9d993000 rw-p 00000000 00:00 0                          [stack:9592]
7fef9d993000-7fef9d996000 ---p 00000000 00:00 0 
7fef9d996000-7fef9da94000 rw-p 00000000 00:00 0                          [stack:9587]
7fef9da94000-7fef9da97000 ---p 00000000 00:00 0 
7fef9da97000-7fef9db95000 rw-p 00000000 00:00 0                          [stack:9586]
7fef9db95000-7fef9db98000 ---p 00000000 00:00 0 
7fef9db98000-7fef9dc96000 rw-p 00000000 00:00 0                          [stack:9584]
7fef9dc96000-7fef9dc9a000 r-xp 00000000 08:01 403814                     /usr/lib/jvm/java-8-oracle/jre/lib/amd64/libdt_socket.so
7fef9dc9a000-7fef9de99000 ---p 00004000 08:01 403814                     /usr/lib/jvm/java-8-oracle/jre/lib/amd64/libdt_socket.so
7fef9de99000-7fef9de9a000 rw-p 00003000 08:01 403814                     /usr/lib/jvm/java-8-oracle/jre/lib/amd64/libdt_socket.so
7fef9de9a000-7fef9de9d000 ---p 00000000 00:00 0 
7fef9de9d000-7fef9df9b000 rw-p 00000000 00:00 0                          [stack:9580]
7fef9df9b000-7fef9df9e000 ---p 00000000 00:00 0 
7fef9df9e000-7fef9e09c000 rw-p 00000000 00:00 0                          [stack:9579]
7fef9e09c000-7fef9e09f000 ---p 00000000 00:00 0 
7fef9e09f000-7fef9e19d000 rw-p 00000000 00:00 0                          [stack:9578]
7fef9e19d000-7fef9e19e000 ---p 00000000 00:00 0 
7fef9e19e000-7fef9ebf6000 rw-p 00000000 00:00 0                          [stack:9577]
7fef9ebf6000-7fef9edcf000 r--s 03d3e000 08:01 270200                     /usr/lib/jvm/java-8-oracle/jre/lib/rt.jar
7fef9edcf000-7fefa0729000 rw-p 00000000 00:00 0 
7fefa0729000-7fefa072a000 ---p 00000000 00:00 0 
7fefa072a000-7fefa082a000 rw-p 00000000 00:00 0                          [stack:9576]
7fefa082a000-7fefa082b000 ---p 00000000 00:00 0 
7fefa082b000-7fefa093d000 rw-p 00000000 00:00 0                          [stack:9573]
7fefa093d000-7fefa09d1000 ---p 00000000 00:00 0 
7fefa09d1000-7fefa09e6000 rw-p 00000000 00:00 0 
7fefa09e6000-7fefa0a24000 ---p 00000000 00:00 0 
7fefa0a24000-7fefa0a46000 rw-p 00000000 00:00 0 
7fefa0a46000-7fefa0de5000 ---p 00000000 00:00 0 
7fefa0de5000-7fefa15f5000 rwxp 00000000 00:00 0 
7fefa15f5000-7fefafde5000 ---p 00000000 00:00 0 
7fefafde5000-7fefafdff000 r-xp 00000000 08:01 403827                     /usr/lib/jvm/java-8-oracle/jre/lib/amd64/libzip.so
7fefafdff000-7fefaffff000 ---p 0001a000 08:01 403827                     /usr/lib/jvm/java-8-oracle/jre/lib/amd64/libzip.so
7fefaffff000-7fefb0000000 rw-p 0001a000 08:01 403827                     /usr/lib/jvm/java-8-oracle/jre/lib/amd64/libzip.so
7fefb0000000-7fefb0480000 rw-p 00000000 00:00 0 
7fefb0480000-7fefb4000000 ---p 00000000 00:00 0 
7fefb4002000-7fefb4004000 rw-p 00000000 00:00 0 
7fefb4004000-7fefb4009000 r--s 00084000 08:01 270195                     /usr/lib/jvm/java-8-oracle/jre/lib/jfr.jar
7fefb4009000-7fefb400c000 r--s 00000000 08:01 7871126                    /var/cache/fontconfig/99e8ed0e538f840c565b6ed5dad60d56-le64.cache-4
7fefb400c000-7fefb4015000 r--s 00000000 08:01 7868495                    /var/cache/fontconfig/a6d8cf8e4ec09cdbc8633c31745a07dd-le64.cache-4
7fefb4015000-7fefb401b000 r--s 00000000 08:01 7864369                    /var/cache/fontconfig/2cd17615ca594fa2959ae173292e504c-le64.cache-4
7fefb401b000-7fefb4020000 r--s 00000000 08:01 7864378                    /var/cache/fontconfig/8801497958630a81b71ace7c5f9b32a8-le64.cache-4
7fefb4020000-7fefb4029000 r--s 00000000 08:01 7872217                    /var/cache/fontconfig/52f7bdb7ce746bfd7eaa1985bd9cfa93-le64.cache-4
7fefb4029000-7fefb403c000 r--s 00000000 08:01 7864385                    /var/cache/fontconfig/d52a8644073d54c13679302ca1180695-le64.cache-4
7fefb403c000-7fefb4046000 r-xp 00000000 08:01 2887660                    /lib/x86_64-linux-gnu/libnss_files-2.19.so
7fefb4046000-7fefb4245000 ---p 0000a000 08:01 2887660                    /lib/x86_64-linux-gnu/libnss_files-2.19.so
7fefb4245000-7fefb4246000 r--p 00009000 08:01 2887660                    /lib/x86_64-linux-gnu/libnss_files-2.19.so
7fefb4246000-7fefb4247000 rw-p 0000a000 08:01 2887660                    /lib/x86_64-linux-gnu/libnss_files-2.19.so
7fefb4247000-7fefb4252000 r-xp 00000000 08:01 2887574                    /lib/x86_64-linux-gnu/libnss_nis-2.19.so
7fefb4252000-7fefb4451000 ---p 0000b000 08:01 2887574                    /lib/x86_64-linux-gnu/libnss_nis-2.19.so
7fefb4451000-7fefb4452000 r--p 0000a000 08:01 2887574                    /lib/x86_64-linux-gnu/libnss_nis-2.19.so
7fefb4452000-7fefb4453000 rw-p 0000b000 08:01 2887574                    /lib/x86_64-linux-gnu/libnss_nis-2.19.so
7fefb4453000-7fefb446a000 r-xp 00000000 08:01 2887607                    /lib/x86_64-linux-gnu/libnsl-2.19.so
7fefb446a000-7fefb4669000 ---p 00017000 08:01 2887607                    /lib/x86_64-linux-gnu/libnsl-2.19.so
7fefb4669000-7fefb466a000 r--p 00016000 08:01 2887607                    /lib/x86_64-linux-gnu/libnsl-2.19.so
7fefb466a000-7fefb466b000 rw-p 00017000 08:01 2887607                    /lib/x86_64-linux-gnu/libnsl-2.19.so
7fefb466b000-7fefb466d000 rw-p 00000000 00:00 0 
7fefb466d000-7fefb4676000 r-xp 00000000 08:01 2887601                    /lib/x86_64-linux-gnu/libnss_compat-2.19.so
7fefb4676000-7fefb4875000 ---p 00009000 08:01 2887601                    /lib/x86_64-linux-gnu/libnss_compat-2.19.so
7fefb4875000-7fefb4876000 r--p 00008000 08:01 2887601                    /lib/x86_64-linux-gnu/libnss_compat-2.19.so
7fefb4876000-7fefb4877000 rw-p 00009000 08:01 2887601                    /lib/x86_64-linux-gnu/libnss_compat-2.19.so
7fefb4877000-7fefb50a2000 r--p 00000000 08:01 8915486                    /usr/lib/locale/locale-archive
7fefb50a2000-7fefb50a4000 r-xp 00000000 08:01 403857                     /usr/lib/jvm/java-8-oracle/jre/lib/amd64/libnpt.so
7fefb50a4000-7fefb52a4000 ---p 00002000 08:01 403857                     /usr/lib/jvm/java-8-oracle/jre/lib/amd64/libnpt.so
7fefb52a4000-7fefb52a5000 rw-p 00002000 08:01 403857                     /usr/lib/jvm/java-8-oracle/jre/lib/amd64/libnpt.so
7fefb52a5000-7fefb52de000 r-xp 00000000 08:01 403866                     /usr/lib/jvm/java-8-oracle/jre/lib/amd64/libjdwp.so
7fefb52de000-7fefb54de000 ---p 00039000 08:01 403866                     /usr/lib/jvm/java-8-oracle/jre/lib/amd64/libjdwp.so
7fefb54de000-7fefb54df000 rw-p 00039000 08:01 403866                     /usr/lib/jvm/java-8-oracle/jre/lib/amd64/libjdwp.so
7fefb54df000-7fefb54e0000 rw-p 00000000 00:00 0 
7fefb54e0000-7fefb550b000 r-xp 00000000 08:01 403865                     /usr/lib/jvm/java-8-oracle/jre/lib/amd64/libjava.so
7fefb550b000-7fefb570a000 ---p 0002b000 08:01 403865                     /usr/lib/jvm/java-8-oracle/jre/lib/amd64/libjava.so
7fefb570a000-7fefb570c000 rw-p 0002a000 08:01 403865                     /usr/lib/jvm/java-8-oracle/jre/lib/amd64/libjava.so
7fefb570c000-7fefb5719000 r-xp 00000000 08:01 403823                     /usr/lib/jvm/java-8-oracle/jre/lib/amd64/libverify.so
7fefb5719000-7fefb5918000 ---p 0000d000 08:01 403823                     /usr/lib/jvm/java-8-oracle/jre/lib/amd64/libverify.so
7fefb5918000-7fefb591a000 rw-p 0000c000 08:01 403823                     /usr/lib/jvm/java-8-oracle/jre/lib/amd64/libverify.so
7fefb591a000-7fefb5921000 r-xp 00000000 08:01 2887569                    /lib/x86_64-linux-gnu/librt-2.19.so
7fefb5921000-7fefb5b20000 ---p 00007000 08:01 2887569                    /lib/x86_64-linux-gnu/librt-2.19.so
7fefb5b20000-7fefb5b21000 r--p 00006000 08:01 2887569                    /lib/x86_64-linux-gnu/librt-2.19.so
7fefb5b21000-7fefb5b22000 rw-p 00007000 08:01 2887569                    /lib/x86_64-linux-gnu/librt-2.19.so
7fefb5b22000-7fefb5c27000 r-xp 00000000 08:01 2887608                    /lib/x86_64-linux-gnu/libm-2.19.so
7fefb5c27000-7fefb5e26000 ---p 00105000 08:01 2887608                    /lib/x86_64-linux-gnu/libm-2.19.so
7fefb5e26000-7fefb5e27000 r--p 00104000 08:01 2887608                    /lib/x86_64-linux-gnu/libm-2.19.so
7fefb5e27000-7fefb5e28000 rw-p 00105000 08:01 2887608                    /lib/x86_64-linux-gnu/libm-2.19.so
7fefb5e28000-7fefb6af6000 r-xp 00000000 08:01 403850                     /usr/lib/jvm/java-8-oracle/jre/lib/amd64/server/libjvm.so
7fefb6af6000-7fefb6cf6000 ---p 00cce000 08:01 403850                     /usr/lib/jvm/java-8-oracle/jre/lib/amd64/server/libjvm.so
7fefb6cf6000-7fefb6dcf000 rw-p 00cce000 08:01 403850                     /usr/lib/jvm/java-8-oracle/jre/lib/amd64/server/libjvm.so
7fefb6dcf000-7fefb6e1a000 rw-p 00000000 00:00 0 
7fefb6e1a000-7fefb6fd8000 r-xp 00000000 08:01 2887600                    /lib/x86_64-linux-gnu/libc-2.19.so
7fefb6fd8000-7fefb71d7000 ---p 001be000 08:01 2887600                    /lib/x86_64-linux-gnu/libc-2.19.so
7fefb71d7000-7fefb71db000 r--p 001bd000 08:01 2887600                    /lib/x86_64-linux-gnu/libc-2.19.so
7fefb71db000-7fefb71dd000 rw-p 001c1000 08:01 2887600                    /lib/x86_64-linux-gnu/libc-2.19.so
7fefb71dd000-7fefb71e2000 rw-p 00000000 00:00 0 
7fefb71e2000-7fefb71e5000 r-xp 00000000 08:01 2887661                    /lib/x86_64-linux-gnu/libdl-2.19.so
7fefb71e5000-7fefb73e4000 ---p 00003000 08:01 2887661                    /lib/x86_64-linux-gnu/libdl-2.19.so
7fefb73e4000-7fefb73e5000 r--p 00002000 08:01 2887661                    /lib/x86_64-linux-gnu/libdl-2.19.so
7fefb73e5000-7fefb73e6000 rw-p 00003000 08:01 2887661                    /lib/x86_64-linux-gnu/libdl-2.19.so
7fefb73e6000-7fefb73fb000 r-xp 00000000 08:01 403840                     /usr/lib/jvm/java-8-oracle/jre/lib/amd64/jli/libjli.so
7fefb73fb000-7fefb75fb000 ---p 00015000 08:01 403840                     /usr/lib/jvm/java-8-oracle/jre/lib/amd64/jli/libjli.so
7fefb75fb000-7fefb75fc000 rw-p 00015000 08:01 403840                     /usr/lib/jvm/java-8-oracle/jre/lib/amd64/jli/libjli.so
7fefb75fc000-7fefb7615000 r-xp 00000000 08:01 2887662                    /lib/x86_64-linux-gnu/libpthread-2.19.so
7fefb7615000-7fefb7814000 ---p 00019000 08:01 2887662                    /lib/x86_64-linux-gnu/libpthread-2.19.so
7fefb7814000-7fefb7815000 r--p 00018000 08:01 2887662                    /lib/x86_64-linux-gnu/libpthread-2.19.so
7fefb7815000-7fefb7816000 rw-p 00019000 08:01 2887662                    /lib/x86_64-linux-gnu/libpthread-2.19.so
7fefb7816000-7fefb781a000 rw-p 00000000 00:00 0 
7fefb781a000-7fefb783d000 r-xp 00000000 08:01 2887659                    /lib/x86_64-linux-gnu/ld-2.19.so
7fefb783d000-7fefb783e000 r--p 00000000 00:00 0 
7fefb783e000-7fefb7845000 r--s 00000000 08:01 7864370                    /var/cache/fontconfig/3047814df9a2f067bd2d96a2b9c36e5a-le64.cache-4
7fefb7845000-7fefb784e000 r--s 00000000 08:01 7864372                    /var/cache/fontconfig/3f7329c5293ffd510edef78f73874cfd-le64.cache-4
7fefb784e000-7fefb7852000 r--s 00000000 08:01 7864386                    /var/cache/fontconfig/d589a48862398ed80a3d6066f4f56f4c-le64.cache-4
7fefb7852000-7fefb785f000 r--s 00000000 08:01 7871111                    /var/cache/fontconfig/089dead882dea3570ffc31a9898cfb69-le64.cache-4
7fefb785f000-7fefb786a000 r--s 00000000 08:01 7870940                    /var/cache/fontconfig/e13b20fdb08344e0e664864cc2ede53d-le64.cache-4
7fefb786a000-7fefb786e000 r--s 0009a000 08:01 270064                     /usr/lib/jvm/java-8-oracle/jre/lib/jsse.jar
7fefb786e000-7fefb7873000 r--s 0002a000 08:01 270918                     /root/william/0703_AcroRed_VDI_Viewer_notwoDispaly/dist/run2007922962/lib/gson-2.2.2.jar
7fefb7873000-7fefb7877000 r--s 0002a000 08:01 270917                     /root/william/0703_AcroRed_VDI_Viewer_notwoDispaly/dist/run2007922962/lib/commons-io-2.4.jar
7fefb7877000-7fefb787a000 r--s 0028b000 08:01 270914                     /root/william/0703_AcroRed_VDI_Viewer_notwoDispaly/dist/run2007922962/AcroRed_VDI_Viewer.jar
7fefb787a000-7fefb788c000 rw-p 00000000 00:00 0 
7fefb788c000-7fefb7920000 ---p 00000000 00:00 0 
7fefb7920000-7fefb7923000 ---p 00000000 00:00 0 
7fefb7923000-7fefb7a25000 rw-p 00000000 00:00 0                          [stack:9572]
7fefb7a25000-7fefb7a26000 r--s 00005000 08:01 270919                     /root/william/0703_AcroRed_VDI_Viewer_notwoDispaly/dist/run2007922962/lib/json-simple-1.1.1.jar
7fefb7a26000-7fefb7a30000 rw-p 00000000 00:00 0 
7fefb7a30000-7fefb7a38000 rw-s 00000000 08:01 6815769                    /tmp/hsperfdata_root/9570
7fefb7a38000-7fefb7a39000 rw-p 00000000 00:00 0 
7fefb7a39000-7fefb7a3a000 r--p 00000000 00:00 0 
7fefb7a3a000-7fefb7a3c000 rw-p 00000000 00:00 0 
7fefb7a3c000-7fefb7a3d000 r--p 00022000 08:01 2887659                    /lib/x86_64-linux-gnu/ld-2.19.so
7fefb7a3d000-7fefb7a3e000 rw-p 00023000 08:01 2887659                    /lib/x86_64-linux-gnu/ld-2.19.so
7fefb7a3e000-7fefb7a3f000 rw-p 00000000 00:00 0 
7fff9c6c0000-7fff9c6e1000 rw-p 00000000 00:00 0                          [stack]
7fff9c7e8000-7fff9c7ea000 r-xp 00000000 00:00 0                          [vdso]
7fff9c7ea000-7fff9c7ec000 r--p 00000000 00:00 0                          [vvar]
ffffffffff600000-ffffffffff601000 r-xp 00000000 00:00 0                  [vsyscall]

VM Arguments:
jvm_args: -Xdebug -Xrunjdwp:transport=dt_socket,address=localhost:59022 -Dglass.disableGrab=true -Dfile.encoding=UTF-8 
java_command: /root/william/0703_AcroRed_VDI_Viewer_notwoDispaly/dist/run2007922962/AcroRed_VDI_Viewer.jar
java_class_path (initial): /root/william/0703_AcroRed_VDI_Viewer_notwoDispaly/dist/run2007922962/AcroRed_VDI_Viewer.jar
Launcher Type: SUN_STANDARD

Environment Variables:
JAVA_HOME=/usr/lib/jvm/java-8-oracle
PATH=/usr/local/sbin:/usr/local/bin:/usr/sbin:/usr/bin:/sbin:/bin:/usr/games:/usr/local/games:/usr/lib/jvm/java-8-oracle/bin:/usr/lib/jvm/java-8-oracle/db/bin:/usr/lib/jvm/java-8-oracle/jre/bin
LD_LIBRARY_PATH=/usr/lib/jvm/java-8-oracle//jre/lib/amd64:/usr/lib/jvm/java-8-oracle//jre/lib/i386:
SHELL=/bin/bash
DISPLAY=:0.0

Signal Handlers:
SIGSEGV: [libjvm.so+0xac78c0], sa_mask[0]=11111111011111111101111111111110, sa_flags=SA_RESTART|SA_SIGINFO
SIGBUS: [libjvm.so+0xac78c0], sa_mask[0]=11111111011111111101111111111110, sa_flags=SA_RESTART|SA_SIGINFO
SIGFPE: [libjvm.so+0x920ac0], sa_mask[0]=11111111011111111101111111111110, sa_flags=SA_RESTART|SA_SIGINFO
SIGPIPE: SIG_IGN, sa_mask[0]=00000000000010000000000000000000, sa_flags=SA_RESTART
SIGXFSZ: [libjvm.so+0x920ac0], sa_mask[0]=11111111011111111101111111111110, sa_flags=SA_RESTART|SA_SIGINFO
SIGILL: [libjvm.so+0x920ac0], sa_mask[0]=11111111011111111101111111111110, sa_flags=SA_RESTART|SA_SIGINFO
SIGUSR1: SIG_DFL, sa_mask[0]=00000000000000000000000000000000, sa_flags=none
SIGUSR2: [libjvm.so+0x922300], sa_mask[0]=00100000000000000000000000000000, sa_flags=SA_RESTART|SA_SIGINFO
SIGHUP: [libjvm.so+0x923700], sa_mask[0]=11111111011111111101111111111110, sa_flags=SA_RESTART|SA_SIGINFO
SIGINT: SIG_IGN, sa_mask[0]=00000000000000000000000000000000, sa_flags=none
SIGTERM: [libjvm.so+0x923700], sa_mask[0]=11111111011111111101111111111110, sa_flags=SA_RESTART|SA_SIGINFO
SIGQUIT: [libjvm.so+0x923700], sa_mask[0]=11111111011111111101111111111110, sa_flags=SA_RESTART|SA_SIGINFO


---------------  S Y S T E M  ---------------

OS:DISTRIB_ID=Ubuntu
DISTRIB_RELEASE=14.04
DISTRIB_CODENAME=trusty
DISTRIB_DESCRIPTION="Ubuntu 14.04.2 LTS"

uname:Linux 3.16.0-30-generic #40~14.04.1-Ubuntu SMP Thu Jan 15 17:43:14 UTC 2015 x86_64
libc:glibc 2.19 NPTL 2.19 
rlimit: STACK 8192k, CORE 0k, NPROC 7881, NOFILE 4096, AS infinity
load average:1.24 0.74 0.36

/proc/meminfo:
MemTotal:        2039128 kB
MemFree:          176360 kB
MemAvailable:     949200 kB
Buffers:          163676 kB
Cached:           759868 kB
SwapCached:            0 kB
Active:          1383044 kB
Inactive:         333968 kB
Active(anon):     794952 kB
Inactive(anon):    75008 kB
Active(file):     588092 kB
Inactive(file):   258960 kB
Unevictable:          32 kB
Mlocked:              32 kB
SwapTotal:       2084860 kB
SwapFree:        2084860 kB
Dirty:              6340 kB
Writeback:             0 kB
AnonPages:        793544 kB
Mapped:           127160 kB
Shmem:             76456 kB
Slab:              94568 kB
SReclaimable:      76824 kB
SUnreclaim:        17744 kB
KernelStack:        4496 kB
PageTables:        15988 kB
NFS_Unstable:          0 kB
Bounce:                0 kB
WritebackTmp:          0 kB
CommitLimit:     3104424 kB
Committed_AS:    1805404 kB
VmallocTotal:   34359738367 kB
VmallocUsed:      541408 kB
VmallocChunk:   34359186520 kB
HardwareCorrupted:     0 kB
AnonHugePages:    475136 kB
HugePages_Total:       0
HugePages_Free:        0
HugePages_Rsvd:        0
HugePages_Surp:        0
Hugepagesize:       2048 kB
DirectMap4k:       57216 kB
DirectMap2M:     2029568 kB


CPU:total 2 (2 cores per cpu, 1 threads per core) family 6 model 15 stepping 13, cmov, cx8, fxsr, mmx, sse, sse2, sse3, ssse3, tsc

/proc/cpuinfo:
processor	: 0
vendor_id	: GenuineIntel
cpu family	: 6
model		: 15
model name	: Intel(R) Pentium(R) Dual  CPU  E2180  @ 2.00GHz
stepping	: 13
microcode	: 0xa3
cpu MHz		: 1200.000
cache size	: 1024 KB
physical id	: 0
siblings	: 2
core id		: 0
cpu cores	: 2
apicid		: 0
initial apicid	: 0
fpu		: yes
fpu_exception	: yes
cpuid level	: 10
wp		: yes
flags		: fpu vme de pse tsc msr pae mce cx8 apic sep mtrr pge mca cmov pat pse36 clflush dts acpi mmx fxsr sse sse2 ss ht tm pbe syscall nx lm constant_tsc arch_perfmon pebs bts rep_good nopl aperfmperf pni dtes64 monitor ds_cpl est tm2 ssse3 cx16 xtpr pdcm lahf_lm dtherm
bogomips	: 4000.00
clflush size	: 64
cache_alignment	: 64
address sizes	: 36 bits physical, 48 bits virtual
power management:

processor	: 1
vendor_id	: GenuineIntel
cpu family	: 6
model		: 15
model name	: Intel(R) Pentium(R) Dual  CPU  E2180  @ 2.00GHz
stepping	: 13
microcode	: 0xa3
cpu MHz		: 1200.000
cache size	: 1024 KB
physical id	: 0
siblings	: 2
core id		: 1
cpu cores	: 2
apicid		: 1
initial apicid	: 1
fpu		: yes
fpu_exception	: yes
cpuid level	: 10
wp		: yes
flags		: fpu vme de pse tsc msr pae mce cx8 apic sep mtrr pge mca cmov pat pse36 clflush dts acpi mmx fxsr sse sse2 ss ht tm pbe syscall nx lm constant_tsc arch_perfmon pebs bts rep_good nopl aperfmperf pni dtes64 monitor ds_cpl est tm2 ssse3 cx16 xtpr pdcm lahf_lm dtherm
bogomips	: 4000.00
clflush size	: 64
cache_alignment	: 64
address sizes	: 36 bits physical, 48 bits virtual
power management:



Memory: 4k page, physical 2039128k(176360k free), swap 2084860k(2084860k free)

vm_info: Java HotSpot(TM) 64-Bit Server VM (25.121-b13) for linux-amd64 JRE (1.8.0_121-b13), built on Dec 12 2016 16:36:53 by "java_re" with gcc 4.3.0 20080428 (Red Hat 4.3.0-8)

time: Wed Jul 19 10:08:19 2017
elapsed time: 28 seconds (0d 0h 0m 28s)

